PHP Warning:  PHP Startup: Unable to load dynamic library 'D:/KTH/Kurser/\xc3\x85r2/P2/ApplikationerF\xc3\xb6rInternet/Server/UniServerZ/core/php71/extensions\\php_gd2.dll' - Det g\xef\xbf\xbdr inte att hitta den angivna modulen.\r\n in Unknown on line 0
PHP Warning:  PHP Startup: Unable to load dynamic library 'D:/KTH/Kurser/\xc3\x85r2/P2/ApplikationerF\xc3\xb6rInternet/Server/UniServerZ/core/php71/extensions\\php_mbstring.dll' - Det g\xef\xbf\xbdr inte att hitta den angivna modulen.\r\n in Unknown on line 0
PHP Warning:  PHP Startup: Unable to load dynamic library 'D:/KTH/Kurser/\xc3\x85r2/P2/ApplikationerF\xc3\xb6rInternet/Server/UniServerZ/core/php71/extensions\\php_exif.dll' - Det g\xef\xbf\xbdr inte att hitta den angivna modulen.\r\n in Unknown on line 0
PHP Warning:  PHP Startup: Unable to load dynamic library 'D:/KTH/Kurser/\xc3\x85r2/P2/ApplikationerF\xc3\xb6rInternet/Server/UniServerZ/core/php71/extensions\\php_mysqli.dll' - Det g\xef\xbf\xbdr inte att hitta den angivna modulen.\r\n in Unknown on line 0
PHP Warning:  PHP Startup: Unable to load dynamic library 'D:/KTH/Kurser/\xc3\x85r2/P2/ApplikationerF\xc3\xb6rInternet/Server/UniServerZ/core/php71/extensions\\php_pdo_mysql.dll' - Det g\xef\xbf\xbdr inte att hitta den angivna modulen.\r\n in Unknown on line 0
PHP Warning:  PHP Startup: Unable to load dynamic library 'D:/KTH/Kurser/\xc3\x85r2/P2/ApplikationerF\xc3\xb6rInternet/Server/UniServerZ/core/php71/extensions\\php_sockets.dll' - Det g\xef\xbf\xbdr inte att hitta den angivna modulen.\r\n in Unknown on line 0
PHP Warning:  PHP Startup: Unable to load dynamic library 'D:/KTH/Kurser/\xc3\x85r2/P2/ApplikationerF\xc3\xb6rInternet/Server/UniServerZ/core/php71/extensions\\php_xmlrpc.dll' - Det g\xef\xbf\xbdr inte att hitta den angivna modulen.\r\n in Unknown on line 0
PHP Warning:  PHP Startup: Unable to load dynamic library 'D:/KTH/Kurser/\xc3\x85r2/P2/ApplikationerF\xc3\xb6rInternet/Server/UniServerZ/core/php71/extensions\\php_com_dotnet.dll' - Det g\xef\xbf\xbdr inte att hitta den angivna modulen.\r\n in Unknown on line 0
[Mon Oct 30 21:24:36.516636 2017] [mpm_winnt:notice] [pid 8444:tid 608] AH00455: Apache/2.4.25 (Win32) PHP/7.1.1 configured -- resuming normal operations
[Mon Oct 30 21:24:36.516636 2017] [mpm_winnt:notice] [pid 8444:tid 608] AH00456: Apache Lounge VC14 Server built: Dec 17 2016 10:42:52
[Mon Oct 30 21:24:36.516636 2017] [core:notice] [pid 8444:tid 608] AH00094: Command line: 'D:\\KTH\\Kurser\\\xc3\x85r2\\P2\\ApplikationerF\xc3\xb6rInternet\\Server\\UniServerZ\\core\\apache2\\bin\\httpd_z.exe -d D:/KTH/Kurser/\xc3\x85r2/P2/ApplikationerF\xc3\xb6rInternet/Server/UniServerZ/core/apache2 -f D:\\KTH\\Kurser\\\xc3\x85r2\\P2\\ApplikationerF\xc3\xb6rInternet\\Server\\UniServerZ\\core\\apache2\\conf\\httpd.conf -d D:\\KTH\\Kurser\\\xc3\x85r2\\P2\\ApplikationerF\xc3\xb6rInternet\\Server\\UniServerZ\\core\\apache2'
[Mon Oct 30 21:24:36.532657 2017] [mpm_winnt:notice] [pid 8444:tid 608] AH00418: Parent: Created child process 14244
PHP Warning:  PHP Startup: Unable to load dynamic library 'D:/KTH/Kurser/\xc3\x85r2/P2/ApplikationerF\xc3\xb6rInternet/Server/UniServerZ/core/php71/extensions\\php_gd2.dll' - Det g\xef\xbf\xbdr inte att hitta den angivna modulen.\r\n in Unknown on line 0
PHP Warning:  PHP Startup: Unable to load dynamic library 'D:/KTH/Kurser/\xc3\x85r2/P2/ApplikationerF\xc3\xb6rInternet/Server/UniServerZ/core/php71/extensions\\php_mbstring.dll' - Det g\xef\xbf\xbdr inte att hitta den angivna modulen.\r\n in Unknown on line 0
PHP Warning:  PHP Startup: Unable to load dynamic library 'D:/KTH/Kurser/\xc3\x85r2/P2/ApplikationerF\xc3\xb6rInternet/Server/UniServerZ/core/php71/extensions\\php_exif.dll' - Det g\xef\xbf\xbdr inte att hitta den angivna modulen.\r\n in Unknown on line 0
PHP Warning:  PHP Startup: Unable to load dynamic library 'D:/KTH/Kurser/\xc3\x85r2/P2/ApplikationerF\xc3\xb6rInternet/Server/UniServerZ/core/php71/extensions\\php_mysqli.dll' - Det g\xef\xbf\xbdr inte att hitta den angivna modulen.\r\n in Unknown on line 0
PHP Warning:  PHP Startup: Unable to load dynamic library 'D:/KTH/Kurser/\xc3\x85r2/P2/ApplikationerF\xc3\xb6rInternet/Server/UniServerZ/core/php71/extensions\\php_pdo_mysql.dll' - Det g\xef\xbf\xbdr inte att hitta den angivna modulen.\r\n in Unknown on line 0
PHP Warning:  PHP Startup: Unable to load dynamic library 'D:/KTH/Kurser/\xc3\x85r2/P2/ApplikationerF\xc3\xb6rInternet/Server/UniServerZ/core/php71/extensions\\php_sockets.dll' - Det g\xef\xbf\xbdr inte att hitta den angivna modulen.\r\n in Unknown on line 0
PHP Warning:  PHP Startup: Unable to load dynamic library 'D:/KTH/Kurser/\xc3\x85r2/P2/ApplikationerF\xc3\xb6rInternet/Server/UniServerZ/core/php71/extensions\\php_xmlrpc.dll' - Det g\xef\xbf\xbdr inte att hitta den angivna modulen.\r\n in Unknown on line 0
PHP Warning:  PHP Startup: Unable to load dynamic library 'D:/KTH/Kurser/\xc3\x85r2/P2/ApplikationerF\xc3\xb6rInternet/Server/UniServerZ/core/php71/extensions\\php_com_dotnet.dll' - Det g\xef\xbf\xbdr inte att hitta den angivna modulen.\r\n in Unknown on line 0
[Mon Oct 30 21:24:37.690737 2017] [mpm_winnt:notice] [pid 14244:tid 672] AH00354: Child: Starting 150 worker threads.
[Tue Oct 31 21:58:28.081868 2017] [core:warn] [pid 13100:tid 532] AH00098: pid file D:/KTH/Kurser/\xc3\x85r2/P2/ApplikationerF\xc3\xb6rInternet/Server/UniServerZ/core/apache2/logs/httpd.pid overwritten -- Unclean shutdown of previous Apache run?
PHP Warning:  PHP Startup: Unable to load dynamic library 'D:/KTH/Kurser/\xc3\x85r2/P2/ApplikationerF\xc3\xb6rInternet/Server/UniServerZ/core/php71/extensions\\php_gd2.dll' - Det g\xef\xbf\xbdr inte att hitta den angivna modulen.\r\n in Unknown on line 0
PHP Warning:  PHP Startup: Unable to load dynamic library 'D:/KTH/Kurser/\xc3\x85r2/P2/ApplikationerF\xc3\xb6rInternet/Server/UniServerZ/core/php71/extensions\\php_mbstring.dll' - Det g\xef\xbf\xbdr inte att hitta den angivna modulen.\r\n in Unknown on line 0
PHP Warning:  PHP Startup: Unable to load dynamic library 'D:/KTH/Kurser/\xc3\x85r2/P2/ApplikationerF\xc3\xb6rInternet/Server/UniServerZ/core/php71/extensions\\php_exif.dll' - Det g\xef\xbf\xbdr inte att hitta den angivna modulen.\r\n in Unknown on line 0
PHP Warning:  PHP Startup: Unable to load dynamic library 'D:/KTH/Kurser/\xc3\x85r2/P2/ApplikationerF\xc3\xb6rInternet/Server/UniServerZ/core/php71/extensions\\php_mysqli.dll' - Det g\xef\xbf\xbdr inte att hitta den angivna modulen.\r\n in Unknown on line 0
PHP Warning:  PHP Startup: Unable to load dynamic library 'D:/KTH/Kurser/\xc3\x85r2/P2/ApplikationerF\xc3\xb6rInternet/Server/UniServerZ/core/php71/extensions\\php_pdo_mysql.dll' - Det g\xef\xbf\xbdr inte att hitta den angivna modulen.\r\n in Unknown on line 0
PHP Warning:  PHP Startup: Unable to load dynamic library 'D:/KTH/Kurser/\xc3\x85r2/P2/ApplikationerF\xc3\xb6rInternet/Server/UniServerZ/core/php71/extensions\\php_sockets.dll' - Det g\xef\xbf\xbdr inte att hitta den angivna modulen.\r\n in Unknown on line 0
PHP Warning:  PHP Startup: Unable to load dynamic library 'D:/KTH/Kurser/\xc3\x85r2/P2/ApplikationerF\xc3\xb6rInternet/Server/UniServerZ/core/php71/extensions\\php_xmlrpc.dll' - Det g\xef\xbf\xbdr inte att hitta den angivna modulen.\r\n in Unknown on line 0
PHP Warning:  PHP Startup: Unable to load dynamic library 'D:/KTH/Kurser/\xc3\x85r2/P2/ApplikationerF\xc3\xb6rInternet/Server/UniServerZ/core/php71/extensions\\php_com_dotnet.dll' - Det g\xef\xbf\xbdr inte att hitta den angivna modulen.\r\n in Unknown on line 0
[Tue Oct 31 21:58:28.150806 2017] [mpm_winnt:notice] [pid 13100:tid 532] AH00455: Apache/2.4.25 (Win32) PHP/7.1.1 configured -- resuming normal operations
[Tue Oct 31 21:58:28.150806 2017] [mpm_winnt:notice] [pid 13100:tid 532] AH00456: Apache Lounge VC14 Server built: Dec 17 2016 10:42:52
[Tue Oct 31 21:58:28.151308 2017] [core:notice] [pid 13100:tid 532] AH00094: Command line: 'D:\\KTH\\Kurser\\\xc3\x85r2\\P2\\ApplikationerF\xc3\xb6rInternet\\Server\\UniServerZ\\core\\apache2\\bin\\httpd_z.exe -d D:/KTH/Kurser/\xc3\x85r2/P2/ApplikationerF\xc3\xb6rInternet/Server/UniServerZ/core/apache2 -f D:\\KTH\\Kurser\\\xc3\x85r2\\P2\\ApplikationerF\xc3\xb6rInternet\\Server\\UniServerZ\\core\\apache2\\conf\\httpd.conf -d D:\\KTH\\Kurser\\\xc3\x85r2\\P2\\ApplikationerF\xc3\xb6rInternet\\Server\\UniServerZ\\core\\apache2'
[Tue Oct 31 21:58:28.159831 2017] [mpm_winnt:notice] [pid 13100:tid 532] AH00418: Parent: Created child process 8368
PHP Warning:  PHP Startup: Unable to load dynamic library 'D:/KTH/Kurser/\xc3\x85r2/P2/ApplikationerF\xc3\xb6rInternet/Server/UniServerZ/core/php71/extensions\\php_gd2.dll' - Det g\xef\xbf\xbdr inte att hitta den angivna modulen.\r\n in Unknown on line 0
PHP Warning:  PHP Startup: Unable to load dynamic library 'D:/KTH/Kurser/\xc3\x85r2/P2/ApplikationerF\xc3\xb6rInternet/Server/UniServerZ/core/php71/extensions\\php_mbstring.dll' - Det g\xef\xbf\xbdr inte att hitta den angivna modulen.\r\n in Unknown on line 0
PHP Warning:  PHP Startup: Unable to load dynamic library 'D:/KTH/Kurser/\xc3\x85r2/P2/ApplikationerF\xc3\xb6rInternet/Server/UniServerZ/core/php71/extensions\\php_exif.dll' - Det g\xef\xbf\xbdr inte att hitta den angivna modulen.\r\n in Unknown on line 0
PHP Warning:  PHP Startup: Unable to load dynamic library 'D:/KTH/Kurser/\xc3\x85r2/P2/ApplikationerF\xc3\xb6rInternet/Server/UniServerZ/core/php71/extensions\\php_mysqli.dll' - Det g\xef\xbf\xbdr inte att hitta den angivna modulen.\r\n in Unknown on line 0
PHP Warning:  PHP Startup: Unable to load dynamic library 'D:/KTH/Kurser/\xc3\x85r2/P2/ApplikationerF\xc3\xb6rInternet/Server/UniServerZ/core/php71/extensions\\php_pdo_mysql.dll' - Det g\xef\xbf\xbdr inte att hitta den angivna modulen.\r\n in Unknown on line 0
PHP Warning:  PHP Startup: Unable to load dynamic library 'D:/KTH/Kurser/\xc3\x85r2/P2/ApplikationerF\xc3\xb6rInternet/Server/UniServerZ/core/php71/extensions\\php_sockets.dll' - Det g\xef\xbf\xbdr inte att hitta den angivna modulen.\r\n in Unknown on line 0
PHP Warning:  PHP Startup: Unable to load dynamic library 'D:/KTH/Kurser/\xc3\x85r2/P2/ApplikationerF\xc3\xb6rInternet/Server/UniServerZ/core/php71/extensions\\php_xmlrpc.dll' - Det g\xef\xbf\xbdr inte att hitta den angivna modulen.\r\n in Unknown on line 0
PHP Warning:  PHP Startup: Unable to load dynamic library 'D:/KTH/Kurser/\xc3\x85r2/P2/ApplikationerF\xc3\xb6rInternet/Server/UniServerZ/core/php71/extensions\\php_com_dotnet.dll' - Det g\xef\xbf\xbdr inte att hitta den angivna modulen.\r\n in Unknown on line 0
[Tue Oct 31 21:58:29.279999 2017] [mpm_winnt:notice] [pid 8368:tid 596] AH00354: Child: Starting 150 worker threads.
[Wed Nov 01 10:33:50.925825 2017] [core:warn] [pid 15176:tid 564] AH00098: pid file D:/KTH/Kurser/\xc3\x85r2/P2/ApplikationerF\xc3\xb6rInternet/Server/UniServerZ/core/apache2/logs/httpd.pid overwritten -- Unclean shutdown of previous Apache run?
PHP Warning:  PHP Startup: Unable to load dynamic library 'D:/KTH/Kurser/\xc3\x85r2/P2/ApplikationerF\xc3\xb6rInternet/Server/UniServerZ/core/php71/extensions\\php_gd2.dll' - Det g\xef\xbf\xbdr inte att hitta den angivna modulen.\r\n in Unknown on line 0
PHP Warning:  PHP Startup: Unable to load dynamic library 'D:/KTH/Kurser/\xc3\x85r2/P2/ApplikationerF\xc3\xb6rInternet/Server/UniServerZ/core/php71/extensions\\php_mbstring.dll' - Det g\xef\xbf\xbdr inte att hitta den angivna modulen.\r\n in Unknown on line 0
PHP Warning:  PHP Startup: Unable to load dynamic library 'D:/KTH/Kurser/\xc3\x85r2/P2/ApplikationerF\xc3\xb6rInternet/Server/UniServerZ/core/php71/extensions\\php_exif.dll' - Det g\xef\xbf\xbdr inte att hitta den angivna modulen.\r\n in Unknown on line 0
PHP Warning:  PHP Startup: Unable to load dynamic library 'D:/KTH/Kurser/\xc3\x85r2/P2/ApplikationerF\xc3\xb6rInternet/Server/UniServerZ/core/php71/extensions\\php_mysqli.dll' - Det g\xef\xbf\xbdr inte att hitta den angivna modulen.\r\n in Unknown on line 0
PHP Warning:  PHP Startup: Unable to load dynamic library 'D:/KTH/Kurser/\xc3\x85r2/P2/ApplikationerF\xc3\xb6rInternet/Server/UniServerZ/core/php71/extensions\\php_pdo_mysql.dll' - Det g\xef\xbf\xbdr inte att hitta den angivna modulen.\r\n in Unknown on line 0
PHP Warning:  PHP Startup: Unable to load dynamic library 'D:/KTH/Kurser/\xc3\x85r2/P2/ApplikationerF\xc3\xb6rInternet/Server/UniServerZ/core/php71/extensions\\php_sockets.dll' - Det g\xef\xbf\xbdr inte att hitta den angivna modulen.\r\n in Unknown on line 0
PHP Warning:  PHP Startup: Unable to load dynamic library 'D:/KTH/Kurser/\xc3\x85r2/P2/ApplikationerF\xc3\xb6rInternet/Server/UniServerZ/core/php71/extensions\\php_xmlrpc.dll' - Det g\xef\xbf\xbdr inte att hitta den angivna modulen.\r\n in Unknown on line 0
PHP Warning:  PHP Startup: Unable to load dynamic library 'D:/KTH/Kurser/\xc3\x85r2/P2/ApplikationerF\xc3\xb6rInternet/Server/UniServerZ/core/php71/extensions\\php_com_dotnet.dll' - Det g\xef\xbf\xbdr inte att hitta den angivna modulen.\r\n in Unknown on line 0
[Wed Nov 01 10:33:50.952395 2017] [mpm_winnt:notice] [pid 15176:tid 564] AH00455: Apache/2.4.25 (Win32) PHP/7.1.1 configured -- resuming normal operations
[Wed Nov 01 10:33:50.952395 2017] [mpm_winnt:notice] [pid 15176:tid 564] AH00456: Apache Lounge VC14 Server built: Dec 17 2016 10:42:52
[Wed Nov 01 10:33:50.952395 2017] [core:notice] [pid 15176:tid 564] AH00094: Command line: 'D:\\KTH\\Kurser\\\xc3\x85r2\\P2\\ApplikationerF\xc3\xb6rInternet\\Server\\UniServerZ\\core\\apache2\\bin\\httpd_z.exe -d D:/KTH/Kurser/\xc3\x85r2/P2/ApplikationerF\xc3\xb6rInternet/Server/UniServerZ/core/apache2 -f D:\\KTH\\Kurser\\\xc3\x85r2\\P2\\ApplikationerF\xc3\xb6rInternet\\Server\\UniServerZ\\core\\apache2\\conf\\httpd.conf -d D:\\KTH\\Kurser\\\xc3\x85r2\\P2\\ApplikationerF\xc3\xb6rInternet\\Server\\UniServerZ\\core\\apache2'
[Wed Nov 01 10:33:50.961422 2017] [mpm_winnt:notice] [pid 15176:tid 564] AH00418: Parent: Created child process 10544
PHP Warning:  PHP Startup: Unable to load dynamic library 'D:/KTH/Kurser/\xc3\x85r2/P2/ApplikationerF\xc3\xb6rInternet/Server/UniServerZ/core/php71/extensions\\php_gd2.dll' - Det g\xef\xbf\xbdr inte att hitta den angivna modulen.\r\n in Unknown on line 0
PHP Warning:  PHP Startup: Unable to load dynamic library 'D:/KTH/Kurser/\xc3\x85r2/P2/ApplikationerF\xc3\xb6rInternet/Server/UniServerZ/core/php71/extensions\\php_mbstring.dll' - Det g\xef\xbf\xbdr inte att hitta den angivna modulen.\r\n in Unknown on line 0
PHP Warning:  PHP Startup: Unable to load dynamic library 'D:/KTH/Kurser/\xc3\x85r2/P2/ApplikationerF\xc3\xb6rInternet/Server/UniServerZ/core/php71/extensions\\php_exif.dll' - Det g\xef\xbf\xbdr inte att hitta den angivna modulen.\r\n in Unknown on line 0
PHP Warning:  PHP Startup: Unable to load dynamic library 'D:/KTH/Kurser/\xc3\x85r2/P2/ApplikationerF\xc3\xb6rInternet/Server/UniServerZ/core/php71/extensions\\php_mysqli.dll' - Det g\xef\xbf\xbdr inte att hitta den angivna modulen.\r\n in Unknown on line 0
PHP Warning:  PHP Startup: Unable to load dynamic library 'D:/KTH/Kurser/\xc3\x85r2/P2/ApplikationerF\xc3\xb6rInternet/Server/UniServerZ/core/php71/extensions\\php_pdo_mysql.dll' - Det g\xef\xbf\xbdr inte att hitta den angivna modulen.\r\n in Unknown on line 0
PHP Warning:  PHP Startup: Unable to load dynamic library 'D:/KTH/Kurser/\xc3\x85r2/P2/ApplikationerF\xc3\xb6rInternet/Server/UniServerZ/core/php71/extensions\\php_sockets.dll' - Det g\xef\xbf\xbdr inte att hitta den angivna modulen.\r\n in Unknown on line 0
PHP Warning:  PHP Startup: Unable to load dynamic library 'D:/KTH/Kurser/\xc3\x85r2/P2/ApplikationerF\xc3\xb6rInternet/Server/UniServerZ/core/php71/extensions\\php_xmlrpc.dll' - Det g\xef\xbf\xbdr inte att hitta den angivna modulen.\r\n in Unknown on line 0
PHP Warning:  PHP Startup: Unable to load dynamic library 'D:/KTH/Kurser/\xc3\x85r2/P2/ApplikationerF\xc3\xb6rInternet/Server/UniServerZ/core/php71/extensions\\php_com_dotnet.dll' - Det g\xef\xbf\xbdr inte att hitta den angivna modulen.\r\n in Unknown on line 0
[Wed Nov 01 10:33:52.276917 2017] [mpm_winnt:notice] [pid 10544:tid 628] AH00354: Child: Starting 150 worker threads.
[Wed Nov 01 10:36:04.558124 2017] [access_compat:error] [pid 10544:tid 1852] [client 209.126.136.4:49150] AH01797: client denied by server configuration: D:/KTH/Kurser/\xc3\x85r2/P2/ApplikationerF\xc3\xb6rInternet/Server/UniServerZ/www/
[Wed Nov 01 12:16:50.643036 2017] [access_compat:error] [pid 10544:tid 1844] [client 183.109.113.36:2895] AH01797: client denied by server configuration: D:/KTH/Kurser/\xc3\x85r2/P2/ApplikationerF\xc3\xb6rInternet/Server/UniServerZ/www/manager
[Wed Nov 01 12:35:04.637759 2017] [access_compat:error] [pid 10544:tid 1844] [client 45.55.25.35:36928] AH01797: client denied by server configuration: D:/KTH/Kurser/\xc3\x85r2/P2/ApplikationerF\xc3\xb6rInternet/Server/UniServerZ/www/
[Thu Nov 02 10:07:23.423346 2017] [core:warn] [pid 2836:tid 624] AH00098: pid file D:/KTH/Kurser/\xc3\x85r2/P2/ApplikationerF\xc3\xb6rInternet/Server/UniServerZ/core/apache2/logs/httpd.pid overwritten -- Unclean shutdown of previous Apache run?
PHP Warning:  PHP Startup: Unable to load dynamic library 'D:/KTH/Kurser/\xc3\x85r2/P2/ApplikationerF\xc3\xb6rInternet/Server/UniServerZ/core/php71/extensions\\php_gd2.dll' - Det g\xef\xbf\xbdr inte att hitta den angivna modulen.\r\n in Unknown on line 0
PHP Warning:  PHP Startup: Unable to load dynamic library 'D:/KTH/Kurser/\xc3\x85r2/P2/ApplikationerF\xc3\xb6rInternet/Server/UniServerZ/core/php71/extensions\\php_mbstring.dll' - Det g\xef\xbf\xbdr inte att hitta den angivna modulen.\r\n in Unknown on line 0
PHP Warning:  PHP Startup: Unable to load dynamic library 'D:/KTH/Kurser/\xc3\x85r2/P2/ApplikationerF\xc3\xb6rInternet/Server/UniServerZ/core/php71/extensions\\php_exif.dll' - Det g\xef\xbf\xbdr inte att hitta den angivna modulen.\r\n in Unknown on line 0
PHP Warning:  PHP Startup: Unable to load dynamic library 'D:/KTH/Kurser/\xc3\x85r2/P2/ApplikationerF\xc3\xb6rInternet/Server/UniServerZ/core/php71/extensions\\php_mysqli.dll' - Det g\xef\xbf\xbdr inte att hitta den angivna modulen.\r\n in Unknown on line 0
PHP Warning:  PHP Startup: Unable to load dynamic library 'D:/KTH/Kurser/\xc3\x85r2/P2/ApplikationerF\xc3\xb6rInternet/Server/UniServerZ/core/php71/extensions\\php_pdo_mysql.dll' - Det g\xef\xbf\xbdr inte att hitta den angivna modulen.\r\n in Unknown on line 0
PHP Warning:  PHP Startup: Unable to load dynamic library 'D:/KTH/Kurser/\xc3\x85r2/P2/ApplikationerF\xc3\xb6rInternet/Server/UniServerZ/core/php71/extensions\\php_sockets.dll' - Det g\xef\xbf\xbdr inte att hitta den angivna modulen.\r\n in Unknown on line 0
PHP Warning:  PHP Startup: Unable to load dynamic library 'D:/KTH/Kurser/\xc3\x85r2/P2/ApplikationerF\xc3\xb6rInternet/Server/UniServerZ/core/php71/extensions\\php_xmlrpc.dll' - Det g\xef\xbf\xbdr inte att hitta den angivna modulen.\r\n in Unknown on line 0
PHP Warning:  PHP Startup: Unable to load dynamic library 'D:/KTH/Kurser/\xc3\x85r2/P2/ApplikationerF\xc3\xb6rInternet/Server/UniServerZ/core/php71/extensions\\php_com_dotnet.dll' - Det g\xef\xbf\xbdr inte att hitta den angivna modulen.\r\n in Unknown on line 0
[Thu Nov 02 10:07:23.438385 2017] [mpm_winnt:notice] [pid 2836:tid 624] AH00455: Apache/2.4.25 (Win32) PHP/7.1.1 configured -- resuming normal operations
[Thu Nov 02 10:07:23.438385 2017] [mpm_winnt:notice] [pid 2836:tid 624] AH00456: Apache Lounge VC14 Server built: Dec 17 2016 10:42:52
[Thu Nov 02 10:07:23.438385 2017] [core:notice] [pid 2836:tid 624] AH00094: Command line: 'D:\\KTH\\Kurser\\\xc3\x85r2\\P2\\ApplikationerF\xc3\xb6rInternet\\Server\\UniServerZ\\core\\apache2\\bin\\httpd_z.exe -d D:/KTH/Kurser/\xc3\x85r2/P2/ApplikationerF\xc3\xb6rInternet/Server/UniServerZ/core/apache2 -f D:\\KTH\\Kurser\\\xc3\x85r2\\P2\\ApplikationerF\xc3\xb6rInternet\\Server\\UniServerZ\\core\\apache2\\conf\\httpd.conf -d D:\\KTH\\Kurser\\\xc3\x85r2\\P2\\ApplikationerF\xc3\xb6rInternet\\Server\\UniServerZ\\core\\apache2'
[Thu Nov 02 10:07:23.448415 2017] [mpm_winnt:notice] [pid 2836:tid 624] AH00418: Parent: Created child process 4872
PHP Warning:  PHP Startup: Unable to load dynamic library 'D:/KTH/Kurser/\xc3\x85r2/P2/ApplikationerF\xc3\xb6rInternet/Server/UniServerZ/core/php71/extensions\\php_gd2.dll' - Det g\xef\xbf\xbdr inte att hitta den angivna modulen.\r\n in Unknown on line 0
PHP Warning:  PHP Startup: Unable to load dynamic library 'D:/KTH/Kurser/\xc3\x85r2/P2/ApplikationerF\xc3\xb6rInternet/Server/UniServerZ/core/php71/extensions\\php_mbstring.dll' - Det g\xef\xbf\xbdr inte att hitta den angivna modulen.\r\n in Unknown on line 0
PHP Warning:  PHP Startup: Unable to load dynamic library 'D:/KTH/Kurser/\xc3\x85r2/P2/ApplikationerF\xc3\xb6rInternet/Server/UniServerZ/core/php71/extensions\\php_exif.dll' - Det g\xef\xbf\xbdr inte att hitta den angivna modulen.\r\n in Unknown on line 0
PHP Warning:  PHP Startup: Unable to load dynamic library 'D:/KTH/Kurser/\xc3\x85r2/P2/ApplikationerF\xc3\xb6rInternet/Server/UniServerZ/core/php71/extensions\\php_mysqli.dll' - Det g\xef\xbf\xbdr inte att hitta den angivna modulen.\r\n in Unknown on line 0
PHP Warning:  PHP Startup: Unable to load dynamic library 'D:/KTH/Kurser/\xc3\x85r2/P2/ApplikationerF\xc3\xb6rInternet/Server/UniServerZ/core/php71/extensions\\php_pdo_mysql.dll' - Det g\xef\xbf\xbdr inte att hitta den angivna modulen.\r\n in Unknown on line 0
PHP Warning:  PHP Startup: Unable to load dynamic library 'D:/KTH/Kurser/\xc3\x85r2/P2/ApplikationerF\xc3\xb6rInternet/Server/UniServerZ/core/php71/extensions\\php_sockets.dll' - Det g\xef\xbf\xbdr inte att hitta den angivna modulen.\r\n in Unknown on line 0
PHP Warning:  PHP Startup: Unable to load dynamic library 'D:/KTH/Kurser/\xc3\x85r2/P2/ApplikationerF\xc3\xb6rInternet/Server/UniServerZ/core/php71/extensions\\php_xmlrpc.dll' - Det g\xef\xbf\xbdr inte att hitta den angivna modulen.\r\n in Unknown on line 0
PHP Warning:  PHP Startup: Unable to load dynamic library 'D:/KTH/Kurser/\xc3\x85r2/P2/ApplikationerF\xc3\xb6rInternet/Server/UniServerZ/core/php71/extensions\\php_com_dotnet.dll' - Det g\xef\xbf\xbdr inte att hitta den angivna modulen.\r\n in Unknown on line 0
[Thu Nov 02 10:07:24.501212 2017] [mpm_winnt:notice] [pid 4872:tid 740] AH00354: Child: Starting 150 worker threads.
[Thu Nov 02 11:48:21.776433 2017] [access_compat:error] [pid 4872:tid 1900] [client 107.22.52.155:47542] AH01797: client denied by server configuration: D:/KTH/Kurser/\xc3\x85r2/P2/ApplikationerF\xc3\xb6rInternet/Server/UniServerZ/www/
[Thu Nov 02 12:43:41.735512 2017] [access_compat:error] [pid 4872:tid 1900] [client 155.94.88.58:53119] AH01797: client denied by server configuration: D:/KTH/Kurser/\xc3\x85r2/P2/ApplikationerF\xc3\xb6rInternet/Server/UniServerZ/www/
[Thu Nov 02 14:52:22.388334 2017] [access_compat:error] [pid 4872:tid 1900] [client 124.83.112.110:57024] AH01797: client denied by server configuration: D:/KTH/Kurser/\xc3\x85r2/P2/ApplikationerF\xc3\xb6rInternet/Server/UniServerZ/www/invoker
[Fri Nov 03 11:05:43.169510 2017] [core:warn] [pid 8844:tid 684] AH00098: pid file D:/KTH/Kurser/\xc3\x85r2/P2/ApplikationerF\xc3\xb6rInternet/Server/UniServerZ/core/apache2/logs/httpd.pid overwritten -- Unclean shutdown of previous Apache run?
PHP Warning:  PHP Startup: Unable to load dynamic library 'D:/KTH/Kurser/\xc3\x85r2/P2/ApplikationerF\xc3\xb6rInternet/Server/UniServerZ/core/php71/extensions\\php_gd2.dll' - Det g\xef\xbf\xbdr inte att hitta den angivna modulen.\r\n in Unknown on line 0
PHP Warning:  PHP Startup: Unable to load dynamic library 'D:/KTH/Kurser/\xc3\x85r2/P2/ApplikationerF\xc3\xb6rInternet/Server/UniServerZ/core/php71/extensions\\php_mbstring.dll' - Det g\xef\xbf\xbdr inte att hitta den angivna modulen.\r\n in Unknown on line 0
PHP Warning:  PHP Startup: Unable to load dynamic library 'D:/KTH/Kurser/\xc3\x85r2/P2/ApplikationerF\xc3\xb6rInternet/Server/UniServerZ/core/php71/extensions\\php_exif.dll' - Det g\xef\xbf\xbdr inte att hitta den angivna modulen.\r\n in Unknown on line 0
PHP Warning:  PHP Startup: Unable to load dynamic library 'D:/KTH/Kurser/\xc3\x85r2/P2/ApplikationerF\xc3\xb6rInternet/Server/UniServerZ/core/php71/extensions\\php_mysqli.dll' - Det g\xef\xbf\xbdr inte att hitta den angivna modulen.\r\n in Unknown on line 0
PHP Warning:  PHP Startup: Unable to load dynamic library 'D:/KTH/Kurser/\xc3\x85r2/P2/ApplikationerF\xc3\xb6rInternet/Server/UniServerZ/core/php71/extensions\\php_pdo_mysql.dll' - Det g\xef\xbf\xbdr inte att hitta den angivna modulen.\r\n in Unknown on line 0
PHP Warning:  PHP Startup: Unable to load dynamic library 'D:/KTH/Kurser/\xc3\x85r2/P2/ApplikationerF\xc3\xb6rInternet/Server/UniServerZ/core/php71/extensions\\php_sockets.dll' - Det g\xef\xbf\xbdr inte att hitta den angivna modulen.\r\n in Unknown on line 0
PHP Warning:  PHP Startup: Unable to load dynamic library 'D:/KTH/Kurser/\xc3\x85r2/P2/ApplikationerF\xc3\xb6rInternet/Server/UniServerZ/core/php71/extensions\\php_xmlrpc.dll' - Det g\xef\xbf\xbdr inte att hitta den angivna modulen.\r\n in Unknown on line 0
PHP Warning:  PHP Startup: Unable to load dynamic library 'D:/KTH/Kurser/\xc3\x85r2/P2/ApplikationerF\xc3\xb6rInternet/Server/UniServerZ/core/php71/extensions\\php_com_dotnet.dll' - Det g\xef\xbf\xbdr inte att hitta den angivna modulen.\r\n in Unknown on line 0
[Fri Nov 03 11:05:43.184550 2017] [mpm_winnt:notice] [pid 8844:tid 684] AH00455: Apache/2.4.25 (Win32) PHP/7.1.1 configured -- resuming normal operations
[Fri Nov 03 11:05:43.184550 2017] [mpm_winnt:notice] [pid 8844:tid 684] AH00456: Apache Lounge VC14 Server built: Dec 17 2016 10:42:52
[Fri Nov 03 11:05:43.184550 2017] [core:notice] [pid 8844:tid 684] AH00094: Command line: 'D:\\KTH\\Kurser\\\xc3\x85r2\\P2\\ApplikationerF\xc3\xb6rInternet\\Server\\UniServerZ\\core\\apache2\\bin\\httpd_z.exe -d D:/KTH/Kurser/\xc3\x85r2/P2/ApplikationerF\xc3\xb6rInternet/Server/UniServerZ/core/apache2 -f D:\\KTH\\Kurser\\\xc3\x85r2\\P2\\ApplikationerF\xc3\xb6rInternet\\Server\\UniServerZ\\core\\apache2\\conf\\httpd.conf -d D:\\KTH\\Kurser\\\xc3\x85r2\\P2\\ApplikationerF\xc3\xb6rInternet\\Server\\UniServerZ\\core\\apache2'
[Fri Nov 03 11:05:43.193072 2017] [mpm_winnt:notice] [pid 8844:tid 684] AH00418: Parent: Created child process 2004
PHP Warning:  PHP Startup: Unable to load dynamic library 'D:/KTH/Kurser/\xc3\x85r2/P2/ApplikationerF\xc3\xb6rInternet/Server/UniServerZ/core/php71/extensions\\php_gd2.dll' - Det g\xef\xbf\xbdr inte att hitta den angivna modulen.\r\n in Unknown on line 0
PHP Warning:  PHP Startup: Unable to load dynamic library 'D:/KTH/Kurser/\xc3\x85r2/P2/ApplikationerF\xc3\xb6rInternet/Server/UniServerZ/core/php71/extensions\\php_mbstring.dll' - Det g\xef\xbf\xbdr inte att hitta den angivna modulen.\r\n in Unknown on line 0
PHP Warning:  PHP Startup: Unable to load dynamic library 'D:/KTH/Kurser/\xc3\x85r2/P2/ApplikationerF\xc3\xb6rInternet/Server/UniServerZ/core/php71/extensions\\php_exif.dll' - Det g\xef\xbf\xbdr inte att hitta den angivna modulen.\r\n in Unknown on line 0
PHP Warning:  PHP Startup: Unable to load dynamic library 'D:/KTH/Kurser/\xc3\x85r2/P2/ApplikationerF\xc3\xb6rInternet/Server/UniServerZ/core/php71/extensions\\php_mysqli.dll' - Det g\xef\xbf\xbdr inte att hitta den angivna modulen.\r\n in Unknown on line 0
PHP Warning:  PHP Startup: Unable to load dynamic library 'D:/KTH/Kurser/\xc3\x85r2/P2/ApplikationerF\xc3\xb6rInternet/Server/UniServerZ/core/php71/extensions\\php_pdo_mysql.dll' - Det g\xef\xbf\xbdr inte att hitta den angivna modulen.\r\n in Unknown on line 0
PHP Warning:  PHP Startup: Unable to load dynamic library 'D:/KTH/Kurser/\xc3\x85r2/P2/ApplikationerF\xc3\xb6rInternet/Server/UniServerZ/core/php71/extensions\\php_sockets.dll' - Det g\xef\xbf\xbdr inte att hitta den angivna modulen.\r\n in Unknown on line 0
PHP Warning:  PHP Startup: Unable to load dynamic library 'D:/KTH/Kurser/\xc3\x85r2/P2/ApplikationerF\xc3\xb6rInternet/Server/UniServerZ/core/php71/extensions\\php_xmlrpc.dll' - Det g\xef\xbf\xbdr inte att hitta den angivna modulen.\r\n in Unknown on line 0
PHP Warning:  PHP Startup: Unable to load dynamic library 'D:/KTH/Kurser/\xc3\x85r2/P2/ApplikationerF\xc3\xb6rInternet/Server/UniServerZ/core/php71/extensions\\php_com_dotnet.dll' - Det g\xef\xbf\xbdr inte att hitta den angivna modulen.\r\n in Unknown on line 0
[Fri Nov 03 11:05:43.940503 2017] [mpm_winnt:notice] [pid 2004:tid 728] AH00354: Child: Starting 150 worker threads.
[Sat Nov 04 12:05:36.026840 2017] [core:warn] [pid 16312:tid 632] AH00098: pid file D:/KTH/Kurser/\xc3\x85r2/P2/ApplikationerF\xc3\xb6rInternet/Server/UniServerZ/core/apache2/logs/httpd.pid overwritten -- Unclean shutdown of previous Apache run?
PHP Warning:  PHP Startup: Unable to load dynamic library 'D:/KTH/Kurser/\xc3\x85r2/P2/ApplikationerF\xc3\xb6rInternet/Server/UniServerZ/core/php71/extensions\\php_gd2.dll' - Det g\xef\xbf\xbdr inte att hitta den angivna modulen.\r\n in Unknown on line 0
PHP Warning:  PHP Startup: Unable to load dynamic library 'D:/KTH/Kurser/\xc3\x85r2/P2/ApplikationerF\xc3\xb6rInternet/Server/UniServerZ/core/php71/extensions\\php_mbstring.dll' - Det g\xef\xbf\xbdr inte att hitta den angivna modulen.\r\n in Unknown on line 0
PHP Warning:  PHP Startup: Unable to load dynamic library 'D:/KTH/Kurser/\xc3\x85r2/P2/ApplikationerF\xc3\xb6rInternet/Server/UniServerZ/core/php71/extensions\\php_exif.dll' - Det g\xef\xbf\xbdr inte att hitta den angivna modulen.\r\n in Unknown on line 0
PHP Warning:  PHP Startup: Unable to load dynamic library 'D:/KTH/Kurser/\xc3\x85r2/P2/ApplikationerF\xc3\xb6rInternet/Server/UniServerZ/core/php71/extensions\\php_mysqli.dll' - Det g\xef\xbf\xbdr inte att hitta den angivna modulen.\r\n in Unknown on line 0
PHP Warning:  PHP Startup: Unable to load dynamic library 'D:/KTH/Kurser/\xc3\x85r2/P2/ApplikationerF\xc3\xb6rInternet/Server/UniServerZ/core/php71/extensions\\php_pdo_mysql.dll' - Det g\xef\xbf\xbdr inte att hitta den angivna modulen.\r\n in Unknown on line 0
PHP Warning:  PHP Startup: Unable to load dynamic library 'D:/KTH/Kurser/\xc3\x85r2/P2/ApplikationerF\xc3\xb6rInternet/Server/UniServerZ/core/php71/extensions\\php_sockets.dll' - Det g\xef\xbf\xbdr inte att hitta den angivna modulen.\r\n in Unknown on line 0
PHP Warning:  PHP Startup: Unable to load dynamic library 'D:/KTH/Kurser/\xc3\x85r2/P2/ApplikationerF\xc3\xb6rInternet/Server/UniServerZ/core/php71/extensions\\php_xmlrpc.dll' - Det g\xef\xbf\xbdr inte att hitta den angivna modulen.\r\n in Unknown on line 0
PHP Warning:  PHP Startup: Unable to load dynamic library 'D:/KTH/Kurser/\xc3\x85r2/P2/ApplikationerF\xc3\xb6rInternet/Server/UniServerZ/core/php71/extensions\\php_com_dotnet.dll' - Det g\xef\xbf\xbdr inte att hitta den angivna modulen.\r\n in Unknown on line 0
[Sat Nov 04 12:05:36.026840 2017] [mpm_winnt:notice] [pid 16312:tid 632] AH00455: Apache/2.4.25 (Win32) PHP/7.1.1 configured -- resuming normal operations
[Sat Nov 04 12:05:36.026840 2017] [mpm_winnt:notice] [pid 16312:tid 632] AH00456: Apache Lounge VC14 Server built: Dec 17 2016 10:42:52
[Sat Nov 04 12:05:36.026840 2017] [core:notice] [pid 16312:tid 632] AH00094: Command line: 'D:\\KTH\\Kurser\\\xc3\x85r2\\P2\\ApplikationerF\xc3\xb6rInternet\\Server\\UniServerZ\\core\\apache2\\bin\\httpd_z.exe -d D:/KTH/Kurser/\xc3\x85r2/P2/ApplikationerF\xc3\xb6rInternet/Server/UniServerZ/core/apache2 -f D:\\KTH\\Kurser\\\xc3\x85r2\\P2\\ApplikationerF\xc3\xb6rInternet\\Server\\UniServerZ\\core\\apache2\\conf\\httpd.conf -d D:\\KTH\\Kurser\\\xc3\x85r2\\P2\\ApplikationerF\xc3\xb6rInternet\\Server\\UniServerZ\\core\\apache2'
[Sat Nov 04 12:05:36.042467 2017] [mpm_winnt:notice] [pid 16312:tid 632] AH00418: Parent: Created child process 13676
PHP Warning:  PHP Startup: Unable to load dynamic library 'D:/KTH/Kurser/\xc3\x85r2/P2/ApplikationerF\xc3\xb6rInternet/Server/UniServerZ/core/php71/extensions\\php_gd2.dll' - Det g\xef\xbf\xbdr inte att hitta den angivna modulen.\r\n in Unknown on line 0
PHP Warning:  PHP Startup: Unable to load dynamic library 'D:/KTH/Kurser/\xc3\x85r2/P2/ApplikationerF\xc3\xb6rInternet/Server/UniServerZ/core/php71/extensions\\php_mbstring.dll' - Det g\xef\xbf\xbdr inte att hitta den angivna modulen.\r\n in Unknown on line 0
PHP Warning:  PHP Startup: Unable to load dynamic library 'D:/KTH/Kurser/\xc3\x85r2/P2/ApplikationerF\xc3\xb6rInternet/Server/UniServerZ/core/php71/extensions\\php_exif.dll' - Det g\xef\xbf\xbdr inte att hitta den angivna modulen.\r\n in Unknown on line 0
PHP Warning:  PHP Startup: Unable to load dynamic library 'D:/KTH/Kurser/\xc3\x85r2/P2/ApplikationerF\xc3\xb6rInternet/Server/UniServerZ/core/php71/extensions\\php_mysqli.dll' - Det g\xef\xbf\xbdr inte att hitta den angivna modulen.\r\n in Unknown on line 0
PHP Warning:  PHP Startup: Unable to load dynamic library 'D:/KTH/Kurser/\xc3\x85r2/P2/ApplikationerF\xc3\xb6rInternet/Server/UniServerZ/core/php71/extensions\\php_pdo_mysql.dll' - Det g\xef\xbf\xbdr inte att hitta den angivna modulen.\r\n in Unknown on line 0
PHP Warning:  PHP Startup: Unable to load dynamic library 'D:/KTH/Kurser/\xc3\x85r2/P2/ApplikationerF\xc3\xb6rInternet/Server/UniServerZ/core/php71/extensions\\php_sockets.dll' - Det g\xef\xbf\xbdr inte att hitta den angivna modulen.\r\n in Unknown on line 0
PHP Warning:  PHP Startup: Unable to load dynamic library 'D:/KTH/Kurser/\xc3\x85r2/P2/ApplikationerF\xc3\xb6rInternet/Server/UniServerZ/core/php71/extensions\\php_xmlrpc.dll' - Det g\xef\xbf\xbdr inte att hitta den angivna modulen.\r\n in Unknown on line 0
PHP Warning:  PHP Startup: Unable to load dynamic library 'D:/KTH/Kurser/\xc3\x85r2/P2/ApplikationerF\xc3\xb6rInternet/Server/UniServerZ/core/php71/extensions\\php_com_dotnet.dll' - Det g\xef\xbf\xbdr inte att hitta den angivna modulen.\r\n in Unknown on line 0
[Sat Nov 04 12:05:36.780564 2017] [mpm_winnt:notice] [pid 13676:tid 700] AH00354: Child: Starting 150 worker threads.
[Sat Nov 04 22:03:08.684904 2017] [core:warn] [pid 104:tid 580] AH00098: pid file D:/KTH/Kurser/\xc3\x85r2/P2/ApplikationerF\xc3\xb6rInternet/Server/UniServerZ/core/apache2/logs/httpd.pid overwritten -- Unclean shutdown of previous Apache run?
PHP Warning:  PHP Startup: Unable to load dynamic library 'D:/KTH/Kurser/\xc3\x85r2/P2/ApplikationerF\xc3\xb6rInternet/Server/UniServerZ/core/php71/extensions\\php_gd2.dll' - Det g\xef\xbf\xbdr inte att hitta den angivna modulen.\r\n in Unknown on line 0
PHP Warning:  PHP Startup: Unable to load dynamic library 'D:/KTH/Kurser/\xc3\x85r2/P2/ApplikationerF\xc3\xb6rInternet/Server/UniServerZ/core/php71/extensions\\php_mbstring.dll' - Det g\xef\xbf\xbdr inte att hitta den angivna modulen.\r\n in Unknown on line 0
PHP Warning:  PHP Startup: Unable to load dynamic library 'D:/KTH/Kurser/\xc3\x85r2/P2/ApplikationerF\xc3\xb6rInternet/Server/UniServerZ/core/php71/extensions\\php_exif.dll' - Det g\xef\xbf\xbdr inte att hitta den angivna modulen.\r\n in Unknown on line 0
PHP Warning:  PHP Startup: Unable to load dynamic library 'D:/KTH/Kurser/\xc3\x85r2/P2/ApplikationerF\xc3\xb6rInternet/Server/UniServerZ/core/php71/extensions\\php_mysqli.dll' - Det g\xef\xbf\xbdr inte att hitta den angivna modulen.\r\n in Unknown on line 0
PHP Warning:  PHP Startup: Unable to load dynamic library 'D:/KTH/Kurser/\xc3\x85r2/P2/ApplikationerF\xc3\xb6rInternet/Server/UniServerZ/core/php71/extensions\\php_pdo_mysql.dll' - Det g\xef\xbf\xbdr inte att hitta den angivna modulen.\r\n in Unknown on line 0
PHP Warning:  PHP Startup: Unable to load dynamic library 'D:/KTH/Kurser/\xc3\x85r2/P2/ApplikationerF\xc3\xb6rInternet/Server/UniServerZ/core/php71/extensions\\php_sockets.dll' - Det g\xef\xbf\xbdr inte att hitta den angivna modulen.\r\n in Unknown on line 0
PHP Warning:  PHP Startup: Unable to load dynamic library 'D:/KTH/Kurser/\xc3\x85r2/P2/ApplikationerF\xc3\xb6rInternet/Server/UniServerZ/core/php71/extensions\\php_xmlrpc.dll' - Det g\xef\xbf\xbdr inte att hitta den angivna modulen.\r\n in Unknown on line 0
PHP Warning:  PHP Startup: Unable to load dynamic library 'D:/KTH/Kurser/\xc3\x85r2/P2/ApplikationerF\xc3\xb6rInternet/Server/UniServerZ/core/php71/extensions\\php_com_dotnet.dll' - Det g\xef\xbf\xbdr inte att hitta den angivna modulen.\r\n in Unknown on line 0
[Sat Nov 04 22:03:08.700561 2017] [mpm_winnt:notice] [pid 104:tid 580] AH00455: Apache/2.4.25 (Win32) PHP/7.1.1 configured -- resuming normal operations
[Sat Nov 04 22:03:08.700561 2017] [mpm_winnt:notice] [pid 104:tid 580] AH00456: Apache Lounge VC14 Server built: Dec 17 2016 10:42:52
[Sat Nov 04 22:03:08.700561 2017] [core:notice] [pid 104:tid 580] AH00094: Command line: 'D:\\KTH\\Kurser\\\xc3\x85r2\\P2\\ApplikationerF\xc3\xb6rInternet\\Server\\UniServerZ\\core\\apache2\\bin\\httpd_z.exe -d D:/KTH/Kurser/\xc3\x85r2/P2/ApplikationerF\xc3\xb6rInternet/Server/UniServerZ/core/apache2 -f D:\\KTH\\Kurser\\\xc3\x85r2\\P2\\ApplikationerF\xc3\xb6rInternet\\Server\\UniServerZ\\core\\apache2\\conf\\httpd.conf -d D:\\KTH\\Kurser\\\xc3\x85r2\\P2\\ApplikationerF\xc3\xb6rInternet\\Server\\UniServerZ\\core\\apache2'
[Sat Nov 04 22:03:08.716182 2017] [mpm_winnt:notice] [pid 104:tid 580] AH00418: Parent: Created child process 11744
PHP Warning:  PHP Startup: Unable to load dynamic library 'D:/KTH/Kurser/\xc3\x85r2/P2/ApplikationerF\xc3\xb6rInternet/Server/UniServerZ/core/php71/extensions\\php_gd2.dll' - Det g\xef\xbf\xbdr inte att hitta den angivna modulen.\r\n in Unknown on line 0
PHP Warning:  PHP Startup: Unable to load dynamic library 'D:/KTH/Kurser/\xc3\x85r2/P2/ApplikationerF\xc3\xb6rInternet/Server/UniServerZ/core/php71/extensions\\php_mbstring.dll' - Det g\xef\xbf\xbdr inte att hitta den angivna modulen.\r\n in Unknown on line 0
PHP Warning:  PHP Startup: Unable to load dynamic library 'D:/KTH/Kurser/\xc3\x85r2/P2/ApplikationerF\xc3\xb6rInternet/Server/UniServerZ/core/php71/extensions\\php_exif.dll' - Det g\xef\xbf\xbdr inte att hitta den angivna modulen.\r\n in Unknown on line 0
PHP Warning:  PHP Startup: Unable to load dynamic library 'D:/KTH/Kurser/\xc3\x85r2/P2/ApplikationerF\xc3\xb6rInternet/Server/UniServerZ/core/php71/extensions\\php_mysqli.dll' - Det g\xef\xbf\xbdr inte att hitta den angivna modulen.\r\n in Unknown on line 0
PHP Warning:  PHP Startup: Unable to load dynamic library 'D:/KTH/Kurser/\xc3\x85r2/P2/ApplikationerF\xc3\xb6rInternet/Server/UniServerZ/core/php71/extensions\\php_pdo_mysql.dll' - Det g\xef\xbf\xbdr inte att hitta den angivna modulen.\r\n in Unknown on line 0
PHP Warning:  PHP Startup: Unable to load dynamic library 'D:/KTH/Kurser/\xc3\x85r2/P2/ApplikationerF\xc3\xb6rInternet/Server/UniServerZ/core/php71/extensions\\php_sockets.dll' - Det g\xef\xbf\xbdr inte att hitta den angivna modulen.\r\n in Unknown on line 0
PHP Warning:  PHP Startup: Unable to load dynamic library 'D:/KTH/Kurser/\xc3\x85r2/P2/ApplikationerF\xc3\xb6rInternet/Server/UniServerZ/core/php71/extensions\\php_xmlrpc.dll' - Det g\xef\xbf\xbdr inte att hitta den angivna modulen.\r\n in Unknown on line 0
PHP Warning:  PHP Startup: Unable to load dynamic library 'D:/KTH/Kurser/\xc3\x85r2/P2/ApplikationerF\xc3\xb6rInternet/Server/UniServerZ/core/php71/extensions\\php_com_dotnet.dll' - Det g\xef\xbf\xbdr inte att hitta den angivna modulen.\r\n in Unknown on line 0
[Sat Nov 04 22:03:09.484416 2017] [mpm_winnt:notice] [pid 11744:tid 752] AH00354: Child: Starting 150 worker threads.
[Sun Nov 05 14:08:52.217500 2017] [core:warn] [pid 12324:tid 616] AH00098: pid file D:/KTH/Kurser/\xc3\x85r2/P2/ApplikationerF\xc3\xb6rInternet/Server/UniServerZ/core/apache2/logs/httpd.pid overwritten -- Unclean shutdown of previous Apache run?
PHP Warning:  PHP Startup: Unable to load dynamic library 'D:/KTH/Kurser/\xc3\x85r2/P2/ApplikationerF\xc3\xb6rInternet/Server/UniServerZ/core/php71/extensions\\php_gd2.dll' - Det g\xef\xbf\xbdr inte att hitta den angivna modulen.\r\n in Unknown on line 0
PHP Warning:  PHP Startup: Unable to load dynamic library 'D:/KTH/Kurser/\xc3\x85r2/P2/ApplikationerF\xc3\xb6rInternet/Server/UniServerZ/core/php71/extensions\\php_mbstring.dll' - Det g\xef\xbf\xbdr inte att hitta den angivna modulen.\r\n in Unknown on line 0
PHP Warning:  PHP Startup: Unable to load dynamic library 'D:/KTH/Kurser/\xc3\x85r2/P2/ApplikationerF\xc3\xb6rInternet/Server/UniServerZ/core/php71/extensions\\php_exif.dll' - Det g\xef\xbf\xbdr inte att hitta den angivna modulen.\r\n in Unknown on line 0
PHP Warning:  PHP Startup: Unable to load dynamic library 'D:/KTH/Kurser/\xc3\x85r2/P2/ApplikationerF\xc3\xb6rInternet/Server/UniServerZ/core/php71/extensions\\php_mysqli.dll' - Det g\xef\xbf\xbdr inte att hitta den angivna modulen.\r\n in Unknown on line 0
PHP Warning:  PHP Startup: Unable to load dynamic library 'D:/KTH/Kurser/\xc3\x85r2/P2/ApplikationerF\xc3\xb6rInternet/Server/UniServerZ/core/php71/extensions\\php_pdo_mysql.dll' - Det g\xef\xbf\xbdr inte att hitta den angivna modulen.\r\n in Unknown on line 0
PHP Warning:  PHP Startup: Unable to load dynamic library 'D:/KTH/Kurser/\xc3\x85r2/P2/ApplikationerF\xc3\xb6rInternet/Server/UniServerZ/core/php71/extensions\\php_sockets.dll' - Det g\xef\xbf\xbdr inte att hitta den angivna modulen.\r\n in Unknown on line 0
PHP Warning:  PHP Startup: Unable to load dynamic library 'D:/KTH/Kurser/\xc3\x85r2/P2/ApplikationerF\xc3\xb6rInternet/Server/UniServerZ/core/php71/extensions\\php_xmlrpc.dll' - Det g\xef\xbf\xbdr inte att hitta den angivna modulen.\r\n in Unknown on line 0
PHP Warning:  PHP Startup: Unable to load dynamic library 'D:/KTH/Kurser/\xc3\x85r2/P2/ApplikationerF\xc3\xb6rInternet/Server/UniServerZ/core/php71/extensions\\php_com_dotnet.dll' - Det g\xef\xbf\xbdr inte att hitta den angivna modulen.\r\n in Unknown on line 0
[Sun Nov 05 14:08:52.233120 2017] [mpm_winnt:notice] [pid 12324:tid 616] AH00455: Apache/2.4.25 (Win32) PHP/7.1.1 configured -- resuming normal operations
[Sun Nov 05 14:08:52.233120 2017] [mpm_winnt:notice] [pid 12324:tid 616] AH00456: Apache Lounge VC14 Server built: Dec 17 2016 10:42:52
[Sun Nov 05 14:08:52.233120 2017] [core:notice] [pid 12324:tid 616] AH00094: Command line: 'D:\\KTH\\Kurser\\\xc3\x85r2\\P2\\ApplikationerF\xc3\xb6rInternet\\Server\\UniServerZ\\core\\apache2\\bin\\httpd_z.exe -d D:/KTH/Kurser/\xc3\x85r2/P2/ApplikationerF\xc3\xb6rInternet/Server/UniServerZ/core/apache2 -f D:\\KTH\\Kurser\\\xc3\x85r2\\P2\\ApplikationerF\xc3\xb6rInternet\\Server\\UniServerZ\\core\\apache2\\conf\\httpd.conf -d D:\\KTH\\Kurser\\\xc3\x85r2\\P2\\ApplikationerF\xc3\xb6rInternet\\Server\\UniServerZ\\core\\apache2'
[Sun Nov 05 14:08:52.233120 2017] [mpm_winnt:notice] [pid 12324:tid 616] AH00418: Parent: Created child process 12784
PHP Warning:  PHP Startup: Unable to load dynamic library 'D:/KTH/Kurser/\xc3\x85r2/P2/ApplikationerF\xc3\xb6rInternet/Server/UniServerZ/core/php71/extensions\\php_gd2.dll' - Det g\xef\xbf\xbdr inte att hitta den angivna modulen.\r\n in Unknown on line 0
PHP Warning:  PHP Startup: Unable to load dynamic library 'D:/KTH/Kurser/\xc3\x85r2/P2/ApplikationerF\xc3\xb6rInternet/Server/UniServerZ/core/php71/extensions\\php_mbstring.dll' - Det g\xef\xbf\xbdr inte att hitta den angivna modulen.\r\n in Unknown on line 0
PHP Warning:  PHP Startup: Unable to load dynamic library 'D:/KTH/Kurser/\xc3\x85r2/P2/ApplikationerF\xc3\xb6rInternet/Server/UniServerZ/core/php71/extensions\\php_exif.dll' - Det g\xef\xbf\xbdr inte att hitta den angivna modulen.\r\n in Unknown on line 0
PHP Warning:  PHP Startup: Unable to load dynamic library 'D:/KTH/Kurser/\xc3\x85r2/P2/ApplikationerF\xc3\xb6rInternet/Server/UniServerZ/core/php71/extensions\\php_mysqli.dll' - Det g\xef\xbf\xbdr inte att hitta den angivna modulen.\r\n in Unknown on line 0
PHP Warning:  PHP Startup: Unable to load dynamic library 'D:/KTH/Kurser/\xc3\x85r2/P2/ApplikationerF\xc3\xb6rInternet/Server/UniServerZ/core/php71/extensions\\php_pdo_mysql.dll' - Det g\xef\xbf\xbdr inte att hitta den angivna modulen.\r\n in Unknown on line 0
PHP Warning:  PHP Startup: Unable to load dynamic library 'D:/KTH/Kurser/\xc3\x85r2/P2/ApplikationerF\xc3\xb6rInternet/Server/UniServerZ/core/php71/extensions\\php_sockets.dll' - Det g\xef\xbf\xbdr inte att hitta den angivna modulen.\r\n in Unknown on line 0
PHP Warning:  PHP Startup: Unable to load dynamic library 'D:/KTH/Kurser/\xc3\x85r2/P2/ApplikationerF\xc3\xb6rInternet/Server/UniServerZ/core/php71/extensions\\php_xmlrpc.dll' - Det g\xef\xbf\xbdr inte att hitta den angivna modulen.\r\n in Unknown on line 0
PHP Warning:  PHP Startup: Unable to load dynamic library 'D:/KTH/Kurser/\xc3\x85r2/P2/ApplikationerF\xc3\xb6rInternet/Server/UniServerZ/core/php71/extensions\\php_com_dotnet.dll' - Det g\xef\xbf\xbdr inte att hitta den angivna modulen.\r\n in Unknown on line 0
[Sun Nov 05 14:08:53.016908 2017] [mpm_winnt:notice] [pid 12784:tid 748] AH00354: Child: Starting 150 worker threads.
[Mon Nov 06 11:16:04.501262 2017] [core:warn] [pid 6860:tid 504] AH00098: pid file D:/KTH/Kurser/\xc3\x85r2/P2/ApplikationerF\xc3\xb6rInternet/Server/UniServerZ/core/apache2/logs/httpd.pid overwritten -- Unclean shutdown of previous Apache run?
PHP Warning:  PHP Startup: Unable to load dynamic library 'D:/KTH/Kurser/\xc3\x85r2/P2/ApplikationerF\xc3\xb6rInternet/Server/UniServerZ/core/php71/extensions\\php_gd2.dll' - Det g\xef\xbf\xbdr inte att hitta den angivna modulen.\r\n in Unknown on line 0
PHP Warning:  PHP Startup: Unable to load dynamic library 'D:/KTH/Kurser/\xc3\x85r2/P2/ApplikationerF\xc3\xb6rInternet/Server/UniServerZ/core/php71/extensions\\php_mbstring.dll' - Det g\xef\xbf\xbdr inte att hitta den angivna modulen.\r\n in Unknown on line 0
PHP Warning:  PHP Startup: Unable to load dynamic library 'D:/KTH/Kurser/\xc3\x85r2/P2/ApplikationerF\xc3\xb6rInternet/Server/UniServerZ/core/php71/extensions\\php_exif.dll' - Det g\xef\xbf\xbdr inte att hitta den angivna modulen.\r\n in Unknown on line 0
PHP Warning:  PHP Startup: Unable to load dynamic library 'D:/KTH/Kurser/\xc3\x85r2/P2/ApplikationerF\xc3\xb6rInternet/Server/UniServerZ/core/php71/extensions\\php_mysqli.dll' - Det g\xef\xbf\xbdr inte att hitta den angivna modulen.\r\n in Unknown on line 0
PHP Warning:  PHP Startup: Unable to load dynamic library 'D:/KTH/Kurser/\xc3\x85r2/P2/ApplikationerF\xc3\xb6rInternet/Server/UniServerZ/core/php71/extensions\\php_pdo_mysql.dll' - Det g\xef\xbf\xbdr inte att hitta den angivna modulen.\r\n in Unknown on line 0
PHP Warning:  PHP Startup: Unable to load dynamic library 'D:/KTH/Kurser/\xc3\x85r2/P2/ApplikationerF\xc3\xb6rInternet/Server/UniServerZ/core/php71/extensions\\php_sockets.dll' - Det g\xef\xbf\xbdr inte att hitta den angivna modulen.\r\n in Unknown on line 0
PHP Warning:  PHP Startup: Unable to load dynamic library 'D:/KTH/Kurser/\xc3\x85r2/P2/ApplikationerF\xc3\xb6rInternet/Server/UniServerZ/core/php71/extensions\\php_xmlrpc.dll' - Det g\xef\xbf\xbdr inte att hitta den angivna modulen.\r\n in Unknown on line 0
PHP Warning:  PHP Startup: Unable to load dynamic library 'D:/KTH/Kurser/\xc3\x85r2/P2/ApplikationerF\xc3\xb6rInternet/Server/UniServerZ/core/php71/extensions\\php_com_dotnet.dll' - Det g\xef\xbf\xbdr inte att hitta den angivna modulen.\r\n in Unknown on line 0
[Mon Nov 06 11:16:04.517125 2017] [mpm_winnt:notice] [pid 6860:tid 504] AH00455: Apache/2.4.25 (Win32) PHP/7.1.1 configured -- resuming normal operations
[Mon Nov 06 11:16:04.517125 2017] [mpm_winnt:notice] [pid 6860:tid 504] AH00456: Apache Lounge VC14 Server built: Dec 17 2016 10:42:52
[Mon Nov 06 11:16:04.517125 2017] [core:notice] [pid 6860:tid 504] AH00094: Command line: 'D:\\KTH\\Kurser\\\xc3\x85r2\\P2\\ApplikationerF\xc3\xb6rInternet\\Server\\UniServerZ\\core\\apache2\\bin\\httpd_z.exe -d D:/KTH/Kurser/\xc3\x85r2/P2/ApplikationerF\xc3\xb6rInternet/Server/UniServerZ/core/apache2 -f D:\\KTH\\Kurser\\\xc3\x85r2\\P2\\ApplikationerF\xc3\xb6rInternet\\Server\\UniServerZ\\core\\apache2\\conf\\httpd.conf -d D:\\KTH\\Kurser\\\xc3\x85r2\\P2\\ApplikationerF\xc3\xb6rInternet\\Server\\UniServerZ\\core\\apache2'
[Mon Nov 06 11:16:04.521215 2017] [mpm_winnt:notice] [pid 6860:tid 504] AH00418: Parent: Created child process 15736
PHP Warning:  PHP Startup: Unable to load dynamic library 'D:/KTH/Kurser/\xc3\x85r2/P2/ApplikationerF\xc3\xb6rInternet/Server/UniServerZ/core/php71/extensions\\php_gd2.dll' - Det g\xef\xbf\xbdr inte att hitta den angivna modulen.\r\n in Unknown on line 0
PHP Warning:  PHP Startup: Unable to load dynamic library 'D:/KTH/Kurser/\xc3\x85r2/P2/ApplikationerF\xc3\xb6rInternet/Server/UniServerZ/core/php71/extensions\\php_mbstring.dll' - Det g\xef\xbf\xbdr inte att hitta den angivna modulen.\r\n in Unknown on line 0
PHP Warning:  PHP Startup: Unable to load dynamic library 'D:/KTH/Kurser/\xc3\x85r2/P2/ApplikationerF\xc3\xb6rInternet/Server/UniServerZ/core/php71/extensions\\php_exif.dll' - Det g\xef\xbf\xbdr inte att hitta den angivna modulen.\r\n in Unknown on line 0
PHP Warning:  PHP Startup: Unable to load dynamic library 'D:/KTH/Kurser/\xc3\x85r2/P2/ApplikationerF\xc3\xb6rInternet/Server/UniServerZ/core/php71/extensions\\php_mysqli.dll' - Det g\xef\xbf\xbdr inte att hitta den angivna modulen.\r\n in Unknown on line 0
PHP Warning:  PHP Startup: Unable to load dynamic library 'D:/KTH/Kurser/\xc3\x85r2/P2/ApplikationerF\xc3\xb6rInternet/Server/UniServerZ/core/php71/extensions\\php_pdo_mysql.dll' - Det g\xef\xbf\xbdr inte att hitta den angivna modulen.\r\n in Unknown on line 0
PHP Warning:  PHP Startup: Unable to load dynamic library 'D:/KTH/Kurser/\xc3\x85r2/P2/ApplikationerF\xc3\xb6rInternet/Server/UniServerZ/core/php71/extensions\\php_sockets.dll' - Det g\xef\xbf\xbdr inte att hitta den angivna modulen.\r\n in Unknown on line 0
PHP Warning:  PHP Startup: Unable to load dynamic library 'D:/KTH/Kurser/\xc3\x85r2/P2/ApplikationerF\xc3\xb6rInternet/Server/UniServerZ/core/php71/extensions\\php_xmlrpc.dll' - Det g\xef\xbf\xbdr inte att hitta den angivna modulen.\r\n in Unknown on line 0
PHP Warning:  PHP Startup: Unable to load dynamic library 'D:/KTH/Kurser/\xc3\x85r2/P2/ApplikationerF\xc3\xb6rInternet/Server/UniServerZ/core/php71/extensions\\php_com_dotnet.dll' - Det g\xef\xbf\xbdr inte att hitta den angivna modulen.\r\n in Unknown on line 0
[Mon Nov 06 11:16:05.399879 2017] [mpm_winnt:notice] [pid 15736:tid 708] AH00354: Child: Starting 150 worker threads.
[Mon Nov 06 14:02:19.820104 2017] [access_compat:error] [pid 15736:tid 1904] [client fe80::1179:31b1:1cb9:dceb:65462] AH01797: client denied by server configuration: D:/KTH/Kurser/\xc3\x85r2/P2/ApplikationerF\xc3\xb6rInternet/Server/UniServerZ/www/
[Mon Nov 06 14:02:19.867229 2017] [access_compat:error] [pid 15736:tid 1904] [client 192.168.34.39:65463] AH01797: client denied by server configuration: D:/KTH/Kurser/\xc3\x85r2/P2/ApplikationerF\xc3\xb6rInternet/Server/UniServerZ/www/
[Mon Nov 06 14:02:20.940060 2017] [access_compat:error] [pid 15736:tid 1904] [client 192.168.34.39:65465] AH01797: client denied by server configuration: D:/KTH/Kurser/\xc3\x85r2/P2/ApplikationerF\xc3\xb6rInternet/Server/UniServerZ/www/HNAP1
[Mon Nov 06 15:29:38.937935 2017] [core:warn] [pid 15820:tid 680] AH00098: pid file D:/KTH/Kurser/\xc3\x85r2/P2/ApplikationerF\xc3\xb6rInternet/Server/UniServerZ/core/apache2/logs/httpd.pid overwritten -- Unclean shutdown of previous Apache run?
PHP Warning:  PHP Startup: Unable to load dynamic library 'D:/KTH/Kurser/\xc3\x85r2/P2/ApplikationerF\xc3\xb6rInternet/Server/UniServerZ/core/php71/extensions\\php_gd2.dll' - Det g\xef\xbf\xbdr inte att hitta den angivna modulen.\r\n in Unknown on line 0
PHP Warning:  PHP Startup: Unable to load dynamic library 'D:/KTH/Kurser/\xc3\x85r2/P2/ApplikationerF\xc3\xb6rInternet/Server/UniServerZ/core/php71/extensions\\php_mbstring.dll' - Det g\xef\xbf\xbdr inte att hitta den angivna modulen.\r\n in Unknown on line 0
PHP Warning:  PHP Startup: Unable to load dynamic library 'D:/KTH/Kurser/\xc3\x85r2/P2/ApplikationerF\xc3\xb6rInternet/Server/UniServerZ/core/php71/extensions\\php_exif.dll' - Det g\xef\xbf\xbdr inte att hitta den angivna modulen.\r\n in Unknown on line 0
PHP Warning:  PHP Startup: Unable to load dynamic library 'D:/KTH/Kurser/\xc3\x85r2/P2/ApplikationerF\xc3\xb6rInternet/Server/UniServerZ/core/php71/extensions\\php_mysqli.dll' - Det g\xef\xbf\xbdr inte att hitta den angivna modulen.\r\n in Unknown on line 0
PHP Warning:  PHP Startup: Unable to load dynamic library 'D:/KTH/Kurser/\xc3\x85r2/P2/ApplikationerF\xc3\xb6rInternet/Server/UniServerZ/core/php71/extensions\\php_pdo_mysql.dll' - Det g\xef\xbf\xbdr inte att hitta den angivna modulen.\r\n in Unknown on line 0
PHP Warning:  PHP Startup: Unable to load dynamic library 'D:/KTH/Kurser/\xc3\x85r2/P2/ApplikationerF\xc3\xb6rInternet/Server/UniServerZ/core/php71/extensions\\php_sockets.dll' - Det g\xef\xbf\xbdr inte att hitta den angivna modulen.\r\n in Unknown on line 0
PHP Warning:  PHP Startup: Unable to load dynamic library 'D:/KTH/Kurser/\xc3\x85r2/P2/ApplikationerF\xc3\xb6rInternet/Server/UniServerZ/core/php71/extensions\\php_xmlrpc.dll' - Det g\xef\xbf\xbdr inte att hitta den angivna modulen.\r\n in Unknown on line 0
PHP Warning:  PHP Startup: Unable to load dynamic library 'D:/KTH/Kurser/\xc3\x85r2/P2/ApplikationerF\xc3\xb6rInternet/Server/UniServerZ/core/php71/extensions\\php_com_dotnet.dll' - Det g\xef\xbf\xbdr inte att hitta den angivna modulen.\r\n in Unknown on line 0
[Mon Nov 06 15:29:38.949958 2017] [mpm_winnt:notice] [pid 15820:tid 680] AH00455: Apache/2.4.25 (Win32) PHP/7.1.1 configured -- resuming normal operations
[Mon Nov 06 15:29:38.949958 2017] [mpm_winnt:notice] [pid 15820:tid 680] AH00456: Apache Lounge VC14 Server built: Dec 17 2016 10:42:52
[Mon Nov 06 15:29:38.949958 2017] [core:notice] [pid 15820:tid 680] AH00094: Command line: 'D:\\KTH\\Kurser\\\xc3\x85r2\\P2\\ApplikationerF\xc3\xb6rInternet\\Server\\UniServerZ\\core\\apache2\\bin\\httpd_z.exe -d D:/KTH/Kurser/\xc3\x85r2/P2/ApplikationerF\xc3\xb6rInternet/Server/UniServerZ/core/apache2 -f D:\\KTH\\Kurser\\\xc3\x85r2\\P2\\ApplikationerF\xc3\xb6rInternet\\Server\\UniServerZ\\core\\apache2\\conf\\httpd.conf -d D:\\KTH\\Kurser\\\xc3\x85r2\\P2\\ApplikationerF\xc3\xb6rInternet\\Server\\UniServerZ\\core\\apache2'
[Mon Nov 06 15:29:38.956978 2017] [mpm_winnt:notice] [pid 15820:tid 680] AH00418: Parent: Created child process 7352
PHP Warning:  PHP Startup: Unable to load dynamic library 'D:/KTH/Kurser/\xc3\x85r2/P2/ApplikationerF\xc3\xb6rInternet/Server/UniServerZ/core/php71/extensions\\php_gd2.dll' - Det g\xef\xbf\xbdr inte att hitta den angivna modulen.\r\n in Unknown on line 0
PHP Warning:  PHP Startup: Unable to load dynamic library 'D:/KTH/Kurser/\xc3\x85r2/P2/ApplikationerF\xc3\xb6rInternet/Server/UniServerZ/core/php71/extensions\\php_mbstring.dll' - Det g\xef\xbf\xbdr inte att hitta den angivna modulen.\r\n in Unknown on line 0
PHP Warning:  PHP Startup: Unable to load dynamic library 'D:/KTH/Kurser/\xc3\x85r2/P2/ApplikationerF\xc3\xb6rInternet/Server/UniServerZ/core/php71/extensions\\php_exif.dll' - Det g\xef\xbf\xbdr inte att hitta den angivna modulen.\r\n in Unknown on line 0
PHP Warning:  PHP Startup: Unable to load dynamic library 'D:/KTH/Kurser/\xc3\x85r2/P2/ApplikationerF\xc3\xb6rInternet/Server/UniServerZ/core/php71/extensions\\php_mysqli.dll' - Det g\xef\xbf\xbdr inte att hitta den angivna modulen.\r\n in Unknown on line 0
PHP Warning:  PHP Startup: Unable to load dynamic library 'D:/KTH/Kurser/\xc3\x85r2/P2/ApplikationerF\xc3\xb6rInternet/Server/UniServerZ/core/php71/extensions\\php_pdo_mysql.dll' - Det g\xef\xbf\xbdr inte att hitta den angivna modulen.\r\n in Unknown on line 0
PHP Warning:  PHP Startup: Unable to load dynamic library 'D:/KTH/Kurser/\xc3\x85r2/P2/ApplikationerF\xc3\xb6rInternet/Server/UniServerZ/core/php71/extensions\\php_sockets.dll' - Det g\xef\xbf\xbdr inte att hitta den angivna modulen.\r\n in Unknown on line 0
PHP Warning:  PHP Startup: Unable to load dynamic library 'D:/KTH/Kurser/\xc3\x85r2/P2/ApplikationerF\xc3\xb6rInternet/Server/UniServerZ/core/php71/extensions\\php_xmlrpc.dll' - Det g\xef\xbf\xbdr inte att hitta den angivna modulen.\r\n in Unknown on line 0
PHP Warning:  PHP Startup: Unable to load dynamic library 'D:/KTH/Kurser/\xc3\x85r2/P2/ApplikationerF\xc3\xb6rInternet/Server/UniServerZ/core/php71/extensions\\php_com_dotnet.dll' - Det g\xef\xbf\xbdr inte att hitta den angivna modulen.\r\n in Unknown on line 0
[Mon Nov 06 15:29:39.984837 2017] [mpm_winnt:notice] [pid 7352:tid 692] AH00354: Child: Starting 150 worker threads.
[Mon Nov 06 18:47:37.047271 2017] [core:warn] [pid 1272:tid 624] AH00098: pid file D:/KTH/Kurser/\xc3\x85r2/P2/ApplikationerF\xc3\xb6rInternet/Server/UniServerZ/core/apache2/logs/httpd.pid overwritten -- Unclean shutdown of previous Apache run?
PHP Warning:  PHP Startup: Unable to load dynamic library 'D:/KTH/Kurser/\xc3\x85r2/P2/ApplikationerF\xc3\xb6rInternet/Server/UniServerZ/core/php71/extensions\\php_gd2.dll' - Det g\xef\xbf\xbdr inte att hitta den angivna modulen.\r\n in Unknown on line 0
PHP Warning:  PHP Startup: Unable to load dynamic library 'D:/KTH/Kurser/\xc3\x85r2/P2/ApplikationerF\xc3\xb6rInternet/Server/UniServerZ/core/php71/extensions\\php_mbstring.dll' - Det g\xef\xbf\xbdr inte att hitta den angivna modulen.\r\n in Unknown on line 0
PHP Warning:  PHP Startup: Unable to load dynamic library 'D:/KTH/Kurser/\xc3\x85r2/P2/ApplikationerF\xc3\xb6rInternet/Server/UniServerZ/core/php71/extensions\\php_exif.dll' - Det g\xef\xbf\xbdr inte att hitta den angivna modulen.\r\n in Unknown on line 0
PHP Warning:  PHP Startup: Unable to load dynamic library 'D:/KTH/Kurser/\xc3\x85r2/P2/ApplikationerF\xc3\xb6rInternet/Server/UniServerZ/core/php71/extensions\\php_mysqli.dll' - Det g\xef\xbf\xbdr inte att hitta den angivna modulen.\r\n in Unknown on line 0
PHP Warning:  PHP Startup: Unable to load dynamic library 'D:/KTH/Kurser/\xc3\x85r2/P2/ApplikationerF\xc3\xb6rInternet/Server/UniServerZ/core/php71/extensions\\php_pdo_mysql.dll' - Det g\xef\xbf\xbdr inte att hitta den angivna modulen.\r\n in Unknown on line 0
PHP Warning:  PHP Startup: Unable to load dynamic library 'D:/KTH/Kurser/\xc3\x85r2/P2/ApplikationerF\xc3\xb6rInternet/Server/UniServerZ/core/php71/extensions\\php_sockets.dll' - Det g\xef\xbf\xbdr inte att hitta den angivna modulen.\r\n in Unknown on line 0
PHP Warning:  PHP Startup: Unable to load dynamic library 'D:/KTH/Kurser/\xc3\x85r2/P2/ApplikationerF\xc3\xb6rInternet/Server/UniServerZ/core/php71/extensions\\php_xmlrpc.dll' - Det g\xef\xbf\xbdr inte att hitta den angivna modulen.\r\n in Unknown on line 0
PHP Warning:  PHP Startup: Unable to load dynamic library 'D:/KTH/Kurser/\xc3\x85r2/P2/ApplikationerF\xc3\xb6rInternet/Server/UniServerZ/core/php71/extensions\\php_com_dotnet.dll' - Det g\xef\xbf\xbdr inte att hitta den angivna modulen.\r\n in Unknown on line 0
[Mon Nov 06 18:47:37.060827 2017] [mpm_winnt:notice] [pid 1272:tid 624] AH00455: Apache/2.4.25 (Win32) PHP/7.1.1 configured -- resuming normal operations
[Mon Nov 06 18:47:37.060827 2017] [mpm_winnt:notice] [pid 1272:tid 624] AH00456: Apache Lounge VC14 Server built: Dec 17 2016 10:42:52
[Mon Nov 06 18:47:37.060827 2017] [core:notice] [pid 1272:tid 624] AH00094: Command line: 'D:\\KTH\\Kurser\\\xc3\x85r2\\P2\\ApplikationerF\xc3\xb6rInternet\\Server\\UniServerZ\\core\\apache2\\bin\\httpd_z.exe -d D:/KTH/Kurser/\xc3\x85r2/P2/ApplikationerF\xc3\xb6rInternet/Server/UniServerZ/core/apache2 -f D:\\KTH\\Kurser\\\xc3\x85r2\\P2\\ApplikationerF\xc3\xb6rInternet\\Server\\UniServerZ\\core\\apache2\\conf\\httpd.conf -d D:\\KTH\\Kurser\\\xc3\x85r2\\P2\\ApplikationerF\xc3\xb6rInternet\\Server\\UniServerZ\\core\\apache2'
[Mon Nov 06 18:47:37.068351 2017] [mpm_winnt:notice] [pid 1272:tid 624] AH00418: Parent: Created child process 2720
PHP Warning:  PHP Startup: Unable to load dynamic library 'D:/KTH/Kurser/\xc3\x85r2/P2/ApplikationerF\xc3\xb6rInternet/Server/UniServerZ/core/php71/extensions\\php_gd2.dll' - Det g\xef\xbf\xbdr inte att hitta den angivna modulen.\r\n in Unknown on line 0
PHP Warning:  PHP Startup: Unable to load dynamic library 'D:/KTH/Kurser/\xc3\x85r2/P2/ApplikationerF\xc3\xb6rInternet/Server/UniServerZ/core/php71/extensions\\php_mbstring.dll' - Det g\xef\xbf\xbdr inte att hitta den angivna modulen.\r\n in Unknown on line 0
PHP Warning:  PHP Startup: Unable to load dynamic library 'D:/KTH/Kurser/\xc3\x85r2/P2/ApplikationerF\xc3\xb6rInternet/Server/UniServerZ/core/php71/extensions\\php_exif.dll' - Det g\xef\xbf\xbdr inte att hitta den angivna modulen.\r\n in Unknown on line 0
PHP Warning:  PHP Startup: Unable to load dynamic library 'D:/KTH/Kurser/\xc3\x85r2/P2/ApplikationerF\xc3\xb6rInternet/Server/UniServerZ/core/php71/extensions\\php_mysqli.dll' - Det g\xef\xbf\xbdr inte att hitta den angivna modulen.\r\n in Unknown on line 0
PHP Warning:  PHP Startup: Unable to load dynamic library 'D:/KTH/Kurser/\xc3\x85r2/P2/ApplikationerF\xc3\xb6rInternet/Server/UniServerZ/core/php71/extensions\\php_pdo_mysql.dll' - Det g\xef\xbf\xbdr inte att hitta den angivna modulen.\r\n in Unknown on line 0
PHP Warning:  PHP Startup: Unable to load dynamic library 'D:/KTH/Kurser/\xc3\x85r2/P2/ApplikationerF\xc3\xb6rInternet/Server/UniServerZ/core/php71/extensions\\php_sockets.dll' - Det g\xef\xbf\xbdr inte att hitta den angivna modulen.\r\n in Unknown on line 0
PHP Warning:  PHP Startup: Unable to load dynamic library 'D:/KTH/Kurser/\xc3\x85r2/P2/ApplikationerF\xc3\xb6rInternet/Server/UniServerZ/core/php71/extensions\\php_xmlrpc.dll' - Det g\xef\xbf\xbdr inte att hitta den angivna modulen.\r\n in Unknown on line 0
PHP Warning:  PHP Startup: Unable to load dynamic library 'D:/KTH/Kurser/\xc3\x85r2/P2/ApplikationerF\xc3\xb6rInternet/Server/UniServerZ/core/php71/extensions\\php_com_dotnet.dll' - Det g\xef\xbf\xbdr inte att hitta den angivna modulen.\r\n in Unknown on line 0
[Mon Nov 06 18:47:38.094330 2017] [mpm_winnt:notice] [pid 2720:tid 796] AH00354: Child: Starting 150 worker threads.
[Mon Nov 06 20:27:53.846751 2017] [core:warn] [pid 11132:tid 604] AH00098: pid file D:/KTH/Kurser/\xc3\x85r2/P2/ApplikationerF\xc3\xb6rInternet/Server/UniServerZ/core/apache2/logs/httpd.pid overwritten -- Unclean shutdown of previous Apache run?
PHP Warning:  PHP Startup: Unable to load dynamic library 'D:/KTH/Kurser/\xc3\x85r2/P2/ApplikationerF\xc3\xb6rInternet/Server/UniServerZ/core/php71/extensions\\php_gd2.dll' - Det g\xef\xbf\xbdr inte att hitta den angivna modulen.\r\n in Unknown on line 0
PHP Warning:  PHP Startup: Unable to load dynamic library 'D:/KTH/Kurser/\xc3\x85r2/P2/ApplikationerF\xc3\xb6rInternet/Server/UniServerZ/core/php71/extensions\\php_mbstring.dll' - Det g\xef\xbf\xbdr inte att hitta den angivna modulen.\r\n in Unknown on line 0
PHP Warning:  PHP Startup: Unable to load dynamic library 'D:/KTH/Kurser/\xc3\x85r2/P2/ApplikationerF\xc3\xb6rInternet/Server/UniServerZ/core/php71/extensions\\php_exif.dll' - Det g\xef\xbf\xbdr inte att hitta den angivna modulen.\r\n in Unknown on line 0
PHP Warning:  PHP Startup: Unable to load dynamic library 'D:/KTH/Kurser/\xc3\x85r2/P2/ApplikationerF\xc3\xb6rInternet/Server/UniServerZ/core/php71/extensions\\php_mysqli.dll' - Det g\xef\xbf\xbdr inte att hitta den angivna modulen.\r\n in Unknown on line 0
PHP Warning:  PHP Startup: Unable to load dynamic library 'D:/KTH/Kurser/\xc3\x85r2/P2/ApplikationerF\xc3\xb6rInternet/Server/UniServerZ/core/php71/extensions\\php_pdo_mysql.dll' - Det g\xef\xbf\xbdr inte att hitta den angivna modulen.\r\n in Unknown on line 0
PHP Warning:  PHP Startup: Unable to load dynamic library 'D:/KTH/Kurser/\xc3\x85r2/P2/ApplikationerF\xc3\xb6rInternet/Server/UniServerZ/core/php71/extensions\\php_sockets.dll' - Det g\xef\xbf\xbdr inte att hitta den angivna modulen.\r\n in Unknown on line 0
PHP Warning:  PHP Startup: Unable to load dynamic library 'D:/KTH/Kurser/\xc3\x85r2/P2/ApplikationerF\xc3\xb6rInternet/Server/UniServerZ/core/php71/extensions\\php_xmlrpc.dll' - Det g\xef\xbf\xbdr inte att hitta den angivna modulen.\r\n in Unknown on line 0
PHP Warning:  PHP Startup: Unable to load dynamic library 'D:/KTH/Kurser/\xc3\x85r2/P2/ApplikationerF\xc3\xb6rInternet/Server/UniServerZ/core/php71/extensions\\php_com_dotnet.dll' - Det g\xef\xbf\xbdr inte att hitta den angivna modulen.\r\n in Unknown on line 0
[Mon Nov 06 20:27:53.861833 2017] [mpm_winnt:notice] [pid 11132:tid 604] AH00455: Apache/2.4.25 (Win32) PHP/7.1.1 configured -- resuming normal operations
[Mon Nov 06 20:27:53.861833 2017] [mpm_winnt:notice] [pid 11132:tid 604] AH00456: Apache Lounge VC14 Server built: Dec 17 2016 10:42:52
[Mon Nov 06 20:27:53.861833 2017] [core:notice] [pid 11132:tid 604] AH00094: Command line: 'D:\\KTH\\Kurser\\\xc3\x85r2\\P2\\ApplikationerF\xc3\xb6rInternet\\Server\\UniServerZ\\core\\apache2\\bin\\httpd_z.exe -d D:/KTH/Kurser/\xc3\x85r2/P2/ApplikationerF\xc3\xb6rInternet/Server/UniServerZ/core/apache2 -f D:\\KTH\\Kurser\\\xc3\x85r2\\P2\\ApplikationerF\xc3\xb6rInternet\\Server\\UniServerZ\\core\\apache2\\conf\\httpd.conf -d D:\\KTH\\Kurser\\\xc3\x85r2\\P2\\ApplikationerF\xc3\xb6rInternet\\Server\\UniServerZ\\core\\apache2'
[Mon Nov 06 20:27:53.878337 2017] [mpm_winnt:notice] [pid 11132:tid 604] AH00418: Parent: Created child process 3676
PHP Warning:  PHP Startup: Unable to load dynamic library 'D:/KTH/Kurser/\xc3\x85r2/P2/ApplikationerF\xc3\xb6rInternet/Server/UniServerZ/core/php71/extensions\\php_gd2.dll' - Det g\xef\xbf\xbdr inte att hitta den angivna modulen.\r\n in Unknown on line 0
PHP Warning:  PHP Startup: Unable to load dynamic library 'D:/KTH/Kurser/\xc3\x85r2/P2/ApplikationerF\xc3\xb6rInternet/Server/UniServerZ/core/php71/extensions\\php_mbstring.dll' - Det g\xef\xbf\xbdr inte att hitta den angivna modulen.\r\n in Unknown on line 0
PHP Warning:  PHP Startup: Unable to load dynamic library 'D:/KTH/Kurser/\xc3\x85r2/P2/ApplikationerF\xc3\xb6rInternet/Server/UniServerZ/core/php71/extensions\\php_exif.dll' - Det g\xef\xbf\xbdr inte att hitta den angivna modulen.\r\n in Unknown on line 0
PHP Warning:  PHP Startup: Unable to load dynamic library 'D:/KTH/Kurser/\xc3\x85r2/P2/ApplikationerF\xc3\xb6rInternet/Server/UniServerZ/core/php71/extensions\\php_mysqli.dll' - Det g\xef\xbf\xbdr inte att hitta den angivna modulen.\r\n in Unknown on line 0
PHP Warning:  PHP Startup: Unable to load dynamic library 'D:/KTH/Kurser/\xc3\x85r2/P2/ApplikationerF\xc3\xb6rInternet/Server/UniServerZ/core/php71/extensions\\php_pdo_mysql.dll' - Det g\xef\xbf\xbdr inte att hitta den angivna modulen.\r\n in Unknown on line 0
PHP Warning:  PHP Startup: Unable to load dynamic library 'D:/KTH/Kurser/\xc3\x85r2/P2/ApplikationerF\xc3\xb6rInternet/Server/UniServerZ/core/php71/extensions\\php_sockets.dll' - Det g\xef\xbf\xbdr inte att hitta den angivna modulen.\r\n in Unknown on line 0
PHP Warning:  PHP Startup: Unable to load dynamic library 'D:/KTH/Kurser/\xc3\x85r2/P2/ApplikationerF\xc3\xb6rInternet/Server/UniServerZ/core/php71/extensions\\php_xmlrpc.dll' - Det g\xef\xbf\xbdr inte att hitta den angivna modulen.\r\n in Unknown on line 0
PHP Warning:  PHP Startup: Unable to load dynamic library 'D:/KTH/Kurser/\xc3\x85r2/P2/ApplikationerF\xc3\xb6rInternet/Server/UniServerZ/core/php71/extensions\\php_com_dotnet.dll' - Det g\xef\xbf\xbdr inte att hitta den angivna modulen.\r\n in Unknown on line 0
[Mon Nov 06 20:27:55.417000 2017] [mpm_winnt:notice] [pid 3676:tid 648] AH00354: Child: Starting 150 worker threads.
[Tue Nov 07 01:28:34.196141 2017] [core:warn] [pid 17300:tid 164] AH00098: pid file D:/KTH/Kurser/\xc3\x85r2/P2/ApplikationerF\xc3\xb6rInternet/Server/UniServerZ/core/apache2/logs/httpd.pid overwritten -- Unclean shutdown of previous Apache run?
PHP Warning:  PHP Startup: Unable to load dynamic library 'D:/KTH/Kurser/\xc3\x85r2/P2/ApplikationerF\xc3\xb6rInternet/Server/UniServerZ/core/php71/extensions\\php_gd2.dll' - Det g\xef\xbf\xbdr inte att hitta den angivna modulen.\r\n in Unknown on line 0
PHP Warning:  PHP Startup: Unable to load dynamic library 'D:/KTH/Kurser/\xc3\x85r2/P2/ApplikationerF\xc3\xb6rInternet/Server/UniServerZ/core/php71/extensions\\php_mbstring.dll' - Det g\xef\xbf\xbdr inte att hitta den angivna modulen.\r\n in Unknown on line 0
PHP Warning:  PHP Startup: Unable to load dynamic library 'D:/KTH/Kurser/\xc3\x85r2/P2/ApplikationerF\xc3\xb6rInternet/Server/UniServerZ/core/php71/extensions\\php_exif.dll' - Det g\xef\xbf\xbdr inte att hitta den angivna modulen.\r\n in Unknown on line 0
PHP Warning:  PHP Startup: Unable to load dynamic library 'D:/KTH/Kurser/\xc3\x85r2/P2/ApplikationerF\xc3\xb6rInternet/Server/UniServerZ/core/php71/extensions\\php_mysqli.dll' - Det g\xef\xbf\xbdr inte att hitta den angivna modulen.\r\n in Unknown on line 0
PHP Warning:  PHP Startup: Unable to load dynamic library 'D:/KTH/Kurser/\xc3\x85r2/P2/ApplikationerF\xc3\xb6rInternet/Server/UniServerZ/core/php71/extensions\\php_pdo_mysql.dll' - Det g\xef\xbf\xbdr inte att hitta den angivna modulen.\r\n in Unknown on line 0
PHP Warning:  PHP Startup: Unable to load dynamic library 'D:/KTH/Kurser/\xc3\x85r2/P2/ApplikationerF\xc3\xb6rInternet/Server/UniServerZ/core/php71/extensions\\php_sockets.dll' - Det g\xef\xbf\xbdr inte att hitta den angivna modulen.\r\n in Unknown on line 0
PHP Warning:  PHP Startup: Unable to load dynamic library 'D:/KTH/Kurser/\xc3\x85r2/P2/ApplikationerF\xc3\xb6rInternet/Server/UniServerZ/core/php71/extensions\\php_xmlrpc.dll' - Det g\xef\xbf\xbdr inte att hitta den angivna modulen.\r\n in Unknown on line 0
PHP Warning:  PHP Startup: Unable to load dynamic library 'D:/KTH/Kurser/\xc3\x85r2/P2/ApplikationerF\xc3\xb6rInternet/Server/UniServerZ/core/php71/extensions\\php_com_dotnet.dll' - Det g\xef\xbf\xbdr inte att hitta den angivna modulen.\r\n in Unknown on line 0
[Tue Nov 07 01:28:34.212183 2017] [mpm_winnt:notice] [pid 17300:tid 164] AH00455: Apache/2.4.25 (Win32) PHP/7.1.1 configured -- resuming normal operations
[Tue Nov 07 01:28:34.213186 2017] [mpm_winnt:notice] [pid 17300:tid 164] AH00456: Apache Lounge VC14 Server built: Dec 17 2016 10:42:52
[Tue Nov 07 01:28:34.213186 2017] [core:notice] [pid 17300:tid 164] AH00094: Command line: 'D:\\KTH\\Kurser\\\xc3\x85r2\\P2\\ApplikationerF\xc3\xb6rInternet\\Server\\UniServerZ\\core\\apache2\\bin\\httpd_z.exe -d D:/KTH/Kurser/\xc3\x85r2/P2/ApplikationerF\xc3\xb6rInternet/Server/UniServerZ/core/apache2 -f D:\\KTH\\Kurser\\\xc3\x85r2\\P2\\ApplikationerF\xc3\xb6rInternet\\Server\\UniServerZ\\core\\apache2\\conf\\httpd.conf -d D:\\KTH\\Kurser\\\xc3\x85r2\\P2\\ApplikationerF\xc3\xb6rInternet\\Server\\UniServerZ\\core\\apache2'
[Tue Nov 07 01:28:34.226220 2017] [mpm_winnt:notice] [pid 17300:tid 164] AH00418: Parent: Created child process 8956
PHP Warning:  PHP Startup: Unable to load dynamic library 'D:/KTH/Kurser/\xc3\x85r2/P2/ApplikationerF\xc3\xb6rInternet/Server/UniServerZ/core/php71/extensions\\php_gd2.dll' - Det g\xef\xbf\xbdr inte att hitta den angivna modulen.\r\n in Unknown on line 0
PHP Warning:  PHP Startup: Unable to load dynamic library 'D:/KTH/Kurser/\xc3\x85r2/P2/ApplikationerF\xc3\xb6rInternet/Server/UniServerZ/core/php71/extensions\\php_mbstring.dll' - Det g\xef\xbf\xbdr inte att hitta den angivna modulen.\r\n in Unknown on line 0
PHP Warning:  PHP Startup: Unable to load dynamic library 'D:/KTH/Kurser/\xc3\x85r2/P2/ApplikationerF\xc3\xb6rInternet/Server/UniServerZ/core/php71/extensions\\php_exif.dll' - Det g\xef\xbf\xbdr inte att hitta den angivna modulen.\r\n in Unknown on line 0
PHP Warning:  PHP Startup: Unable to load dynamic library 'D:/KTH/Kurser/\xc3\x85r2/P2/ApplikationerF\xc3\xb6rInternet/Server/UniServerZ/core/php71/extensions\\php_mysqli.dll' - Det g\xef\xbf\xbdr inte att hitta den angivna modulen.\r\n in Unknown on line 0
PHP Warning:  PHP Startup: Unable to load dynamic library 'D:/KTH/Kurser/\xc3\x85r2/P2/ApplikationerF\xc3\xb6rInternet/Server/UniServerZ/core/php71/extensions\\php_pdo_mysql.dll' - Det g\xef\xbf\xbdr inte att hitta den angivna modulen.\r\n in Unknown on line 0
PHP Warning:  PHP Startup: Unable to load dynamic library 'D:/KTH/Kurser/\xc3\x85r2/P2/ApplikationerF\xc3\xb6rInternet/Server/UniServerZ/core/php71/extensions\\php_sockets.dll' - Det g\xef\xbf\xbdr inte att hitta den angivna modulen.\r\n in Unknown on line 0
PHP Warning:  PHP Startup: Unable to load dynamic library 'D:/KTH/Kurser/\xc3\x85r2/P2/ApplikationerF\xc3\xb6rInternet/Server/UniServerZ/core/php71/extensions\\php_xmlrpc.dll' - Det g\xef\xbf\xbdr inte att hitta den angivna modulen.\r\n in Unknown on line 0
PHP Warning:  PHP Startup: Unable to load dynamic library 'D:/KTH/Kurser/\xc3\x85r2/P2/ApplikationerF\xc3\xb6rInternet/Server/UniServerZ/core/php71/extensions\\php_com_dotnet.dll' - Det g\xef\xbf\xbdr inte att hitta den angivna modulen.\r\n in Unknown on line 0
[Tue Nov 07 01:28:35.386346 2017] [mpm_winnt:notice] [pid 8956:tid 704] AH00354: Child: Starting 150 worker threads.
