2017-10-30 21:25:23 16476 [Note] Plugin 'FEDERATED' is disabled.
2017-10-30 21:25:23 16476 [Note] InnoDB: Using atomics to ref count buffer pool pages
2017-10-30 21:25:23 16476 [Note] InnoDB: The InnoDB memory heap is disabled
2017-10-30 21:25:23 16476 [Note] InnoDB: Mutexes and rw_locks use Windows interlocked functions
2017-10-30 21:25:23 16476 [Note] InnoDB: Memory barrier is not used
2017-10-30 21:25:23 16476 [Note] InnoDB: Compressed tables use zlib 1.2.3
2017-10-30 21:25:23 16476 [Note] InnoDB: Not using CPU crc32 instructions
2017-10-30 21:25:23 16476 [Note] InnoDB: Initializing buffer pool, size = 32.0M
2017-10-30 21:25:23 16476 [Note] InnoDB: Completed initialization of buffer pool
2017-10-30 21:25:23 16476 [Note] InnoDB: Highest supported file format is Barracuda.
2017-10-30 21:25:23 16476 [Note] InnoDB: 128 rollback segment(s) are active.
2017-10-30 21:25:23 16476 [Note] InnoDB: Waiting for purge to start
2017-10-30 21:25:23 16476 [Note] InnoDB: 5.6.35 started; log sequence number 1771182
2017-10-30 21:25:23 16476 [Warning] No existing UUID has been found, so we assume that this is the first time that this server has been started. Generating a new UUID: 75366e0d-bdb0-11e7-ad1f-708bcd1ea537.
2017-10-30 21:25:23 16476 [Note] Server hostname (bind-address): '127.0.0.1'; port: 3306
2017-10-30 21:25:23 16476 [Note]   - '127.0.0.1' resolves to '127.0.0.1';
2017-10-30 21:25:23 16476 [Note] Server socket created on IP: '127.0.0.1'.
2017-10-30 21:25:23 16476 [Note] Event Scheduler: Loaded 0 events
2017-10-30 21:25:23 16476 [Note] D:\KTH\Kurser\År2\P2\ApplikationerFörInternet\Server\UniServerZ\core\mysql\bin\mysqld_z.exe: ready for connections.
Version: '5.6.35'  socket: ''  port: 3306  MySQL Community Server (GPL)
2017-10-30 22:33:45 16476 [Note] D:\KTH\Kurser\År2\P2\ApplikationerFörInternet\Server\UniServerZ\core\mysql\bin\mysqld_z.exe: Normal shutdown

2017-10-30 22:33:45 16476 [Note] Giving 0 client threads a chance to die gracefully
2017-10-30 22:33:45 16476 [Note] Event Scheduler: Purging the queue. 0 events
2017-10-30 22:33:45 16476 [Note] Shutting down slave threads
2017-10-30 22:33:45 16476 [Note] Forcefully disconnecting 0 remaining clients
2017-10-30 22:33:45 16476 [Note] Binlog end
2017-10-30 22:33:45 16476 [Note] Shutting down plugin 'partition'
2017-10-30 22:33:45 16476 [Note] Shutting down plugin 'PERFORMANCE_SCHEMA'
2017-10-30 22:33:45 16476 [Note] Shutting down plugin 'INNODB_SYS_DATAFILES'
2017-10-30 22:33:45 16476 [Note] Shutting down plugin 'INNODB_SYS_TABLESPACES'
2017-10-30 22:33:45 16476 [Note] Shutting down plugin 'INNODB_SYS_FOREIGN_COLS'
2017-10-30 22:33:45 16476 [Note] Shutting down plugin 'INNODB_SYS_FOREIGN'
2017-10-30 22:33:45 16476 [Note] Shutting down plugin 'INNODB_SYS_FIELDS'
2017-10-30 22:33:45 16476 [Note] Shutting down plugin 'INNODB_SYS_COLUMNS'
2017-10-30 22:33:45 16476 [Note] Shutting down plugin 'INNODB_SYS_INDEXES'
2017-10-30 22:33:45 16476 [Note] Shutting down plugin 'INNODB_SYS_TABLESTATS'
2017-10-30 22:33:45 16476 [Note] Shutting down plugin 'INNODB_SYS_TABLES'
2017-10-30 22:33:45 16476 [Note] Shutting down plugin 'INNODB_FT_INDEX_TABLE'
2017-10-30 22:33:45 16476 [Note] Shutting down plugin 'INNODB_FT_INDEX_CACHE'
2017-10-30 22:33:45 16476 [Note] Shutting down plugin 'INNODB_FT_CONFIG'
2017-10-30 22:33:45 16476 [Note] Shutting down plugin 'INNODB_FT_BEING_DELETED'
2017-10-30 22:33:45 16476 [Note] Shutting down plugin 'INNODB_FT_DELETED'
2017-10-30 22:33:45 16476 [Note] Shutting down plugin 'INNODB_FT_DEFAULT_STOPWORD'
2017-10-30 22:33:45 16476 [Note] Shutting down plugin 'INNODB_METRICS'
2017-10-30 22:33:45 16476 [Note] Shutting down plugin 'INNODB_BUFFER_POOL_STATS'
2017-10-30 22:33:45 16476 [Note] Shutting down plugin 'INNODB_BUFFER_PAGE_LRU'
2017-10-30 22:33:45 16476 [Note] Shutting down plugin 'INNODB_BUFFER_PAGE'
2017-10-30 22:33:45 16476 [Note] Shutting down plugin 'INNODB_CMP_PER_INDEX_RESET'
2017-10-30 22:33:45 16476 [Note] Shutting down plugin 'INNODB_CMP_PER_INDEX'
2017-10-30 22:33:45 16476 [Note] Shutting down plugin 'INNODB_CMPMEM_RESET'
2017-10-30 22:33:45 16476 [Note] Shutting down plugin 'INNODB_CMPMEM'
2017-10-30 22:33:45 16476 [Note] Shutting down plugin 'INNODB_CMP_RESET'
2017-10-30 22:33:45 16476 [Note] Shutting down plugin 'INNODB_CMP'
2017-10-30 22:33:45 16476 [Note] Shutting down plugin 'INNODB_LOCK_WAITS'
2017-10-30 22:33:45 16476 [Note] Shutting down plugin 'INNODB_LOCKS'
2017-10-30 22:33:45 16476 [Note] Shutting down plugin 'INNODB_TRX'
2017-10-30 22:33:45 16476 [Note] Shutting down plugin 'InnoDB'
2017-10-30 22:33:45 16476 [Note] InnoDB: FTS optimize thread exiting.
2017-10-30 22:33:45 16476 [Note] InnoDB: Starting shutdown...
2017-10-30 22:33:46 16476 [Note] InnoDB: Shutdown completed; log sequence number 1771192
2017-10-30 22:33:46 16476 [Note] Shutting down plugin 'BLACKHOLE'
2017-10-30 22:33:46 16476 [Note] Shutting down plugin 'ARCHIVE'
2017-10-30 22:33:46 16476 [Note] Shutting down plugin 'MRG_MYISAM'
2017-10-30 22:33:46 16476 [Note] Shutting down plugin 'MyISAM'
2017-10-30 22:33:46 16476 [Note] Shutting down plugin 'MEMORY'
2017-10-30 22:33:46 16476 [Note] Shutting down plugin 'CSV'
2017-10-30 22:33:46 16476 [Note] Shutting down plugin 'sha256_password'
2017-10-30 22:33:46 16476 [Note] Shutting down plugin 'mysql_old_password'
2017-10-30 22:33:46 16476 [Note] Shutting down plugin 'mysql_native_password'
2017-10-30 22:33:46 16476 [Note] Shutting down plugin 'binlog'
2017-10-30 22:33:46 16476 [Note] D:\KTH\Kurser\År2\P2\ApplikationerFörInternet\Server\UniServerZ\core\mysql\bin\mysqld_z.exe: Shutdown complete

2017-10-31 21:58:28 7712 [Note] Plugin 'FEDERATED' is disabled.
2017-10-31 21:58:28 7712 [Note] InnoDB: Using atomics to ref count buffer pool pages
2017-10-31 21:58:28 7712 [Note] InnoDB: The InnoDB memory heap is disabled
2017-10-31 21:58:28 7712 [Note] InnoDB: Mutexes and rw_locks use Windows interlocked functions
2017-10-31 21:58:28 7712 [Note] InnoDB: Memory barrier is not used
2017-10-31 21:58:28 7712 [Note] InnoDB: Compressed tables use zlib 1.2.3
2017-10-31 21:58:28 7712 [Note] InnoDB: Not using CPU crc32 instructions
2017-10-31 21:58:28 7712 [Note] InnoDB: Initializing buffer pool, size = 32.0M
2017-10-31 21:58:28 7712 [Note] InnoDB: Completed initialization of buffer pool
2017-10-31 21:58:28 7712 [Note] InnoDB: Highest supported file format is Barracuda.
2017-10-31 21:58:28 7712 [Note] InnoDB: 128 rollback segment(s) are active.
2017-10-31 21:58:28 7712 [Note] InnoDB: Waiting for purge to start
2017-10-31 21:58:29 7712 [Note] InnoDB: 5.6.35 started; log sequence number 1771192
2017-10-31 21:58:29 7712 [Note] Server hostname (bind-address): '127.0.0.1'; port: 3306
2017-10-31 21:58:29 7712 [Note]   - '127.0.0.1' resolves to '127.0.0.1';
2017-10-31 21:58:29 7712 [Note] Server socket created on IP: '127.0.0.1'.
2017-10-31 21:58:29 7712 [Note] Event Scheduler: Loaded 0 events
2017-10-31 21:58:29 7712 [Note] D:\KTH\Kurser\År2\P2\ApplikationerFörInternet\Server\UniServerZ\core\mysql\bin\mysqld_z.exe: ready for connections.
Version: '5.6.35'  socket: ''  port: 3306  MySQL Community Server (GPL)
2017-11-01 10:33:49 19244 [Note] Plugin 'FEDERATED' is disabled.
2017-11-01 10:33:49 19244 [Note] InnoDB: Using atomics to ref count buffer pool pages
2017-11-01 10:33:49 19244 [Note] InnoDB: The InnoDB memory heap is disabled
2017-11-01 10:33:49 19244 [Note] InnoDB: Mutexes and rw_locks use Windows interlocked functions
2017-11-01 10:33:49 19244 [Note] InnoDB: Memory barrier is not used
2017-11-01 10:33:49 19244 [Note] InnoDB: Compressed tables use zlib 1.2.3
2017-11-01 10:33:49 19244 [Note] InnoDB: Not using CPU crc32 instructions
2017-11-01 10:33:49 19244 [Note] InnoDB: Initializing buffer pool, size = 32.0M
2017-11-01 10:33:49 19244 [Note] InnoDB: Completed initialization of buffer pool
2017-11-01 10:33:49 19244 [Note] InnoDB: Highest supported file format is Barracuda.
2017-11-01 10:33:49 19244 [Note] InnoDB: The log sequence numbers 1771192 and 1771192 in ibdata files do not match the log sequence number 1771202 in the ib_logfiles!
2017-11-01 10:33:49 19244 [Note] InnoDB: Database was not shutdown normally!
2017-11-01 10:33:49 19244 [Note] InnoDB: Starting crash recovery.
2017-11-01 10:33:49 19244 [Note] InnoDB: Reading tablespace information from the .ibd files...
2017-11-01 10:33:49 19244 [Note] InnoDB: Restoring possible half-written data pages 
2017-11-01 10:33:49 19244 [Note] InnoDB: from the doublewrite buffer...
2017-11-01 10:33:49 19244 [Note] InnoDB: 128 rollback segment(s) are active.
2017-11-01 10:33:49 19244 [Note] InnoDB: Waiting for purge to start
2017-11-01 10:33:49 19244 [Note] InnoDB: 5.6.35 started; log sequence number 1771202
2017-11-01 10:33:49 19244 [Note] Server hostname (bind-address): '127.0.0.1'; port: 3306
2017-11-01 10:33:49 19244 [Note]   - '127.0.0.1' resolves to '127.0.0.1';
2017-11-01 10:33:49 19244 [Note] Server socket created on IP: '127.0.0.1'.
2017-11-01 10:33:49 19244 [Note] Event Scheduler: Loaded 0 events
2017-11-01 10:33:49 19244 [Note] D:\KTH\Kurser\År2\P2\ApplikationerFörInternet\Server\UniServerZ\core\mysql\bin\mysqld_z.exe: ready for connections.
Version: '5.6.35'  socket: ''  port: 3306  MySQL Community Server (GPL)
2017-11-02 10:07:24 5480 [Note] Plugin 'FEDERATED' is disabled.
2017-11-02 10:07:24 5480 [Note] InnoDB: Using atomics to ref count buffer pool pages
2017-11-02 10:07:24 5480 [Note] InnoDB: The InnoDB memory heap is disabled
2017-11-02 10:07:24 5480 [Note] InnoDB: Mutexes and rw_locks use Windows interlocked functions
2017-11-02 10:07:24 5480 [Note] InnoDB: Memory barrier is not used
2017-11-02 10:07:24 5480 [Note] InnoDB: Compressed tables use zlib 1.2.3
2017-11-02 10:07:24 5480 [Note] InnoDB: Not using CPU crc32 instructions
2017-11-02 10:07:24 5480 [Note] InnoDB: Initializing buffer pool, size = 32.0M
2017-11-02 10:07:24 5480 [Note] InnoDB: Completed initialization of buffer pool
2017-11-02 10:07:24 5480 [Note] InnoDB: Highest supported file format is Barracuda.
2017-11-02 10:07:24 5480 [Note] InnoDB: The log sequence numbers 1771192 and 1771192 in ibdata files do not match the log sequence number 1771212 in the ib_logfiles!
2017-11-02 10:07:24 5480 [Note] InnoDB: Database was not shutdown normally!
2017-11-02 10:07:24 5480 [Note] InnoDB: Starting crash recovery.
2017-11-02 10:07:24 5480 [Note] InnoDB: Reading tablespace information from the .ibd files...
2017-11-02 10:07:24 5480 [Note] InnoDB: Restoring possible half-written data pages 
2017-11-02 10:07:24 5480 [Note] InnoDB: from the doublewrite buffer...
2017-11-02 10:07:24 5480 [Note] InnoDB: 128 rollback segment(s) are active.
2017-11-02 10:07:24 5480 [Note] InnoDB: Waiting for purge to start
2017-11-02 10:07:24 5480 [Note] InnoDB: 5.6.35 started; log sequence number 1771212
2017-11-02 10:07:24 5480 [Note] Server hostname (bind-address): '127.0.0.1'; port: 3306
2017-11-02 10:07:24 5480 [Note]   - '127.0.0.1' resolves to '127.0.0.1';
2017-11-02 10:07:24 5480 [Note] Server socket created on IP: '127.0.0.1'.
2017-11-02 10:07:24 5480 [Note] Event Scheduler: Loaded 0 events
2017-11-02 10:07:24 5480 [Note] D:\KTH\Kurser\År2\P2\ApplikationerFörInternet\Server\UniServerZ\core\mysql\bin\mysqld_z.exe: ready for connections.
Version: '5.6.35'  socket: ''  port: 3306  MySQL Community Server (GPL)
2017-11-03 11:05:43 10652 [Note] Plugin 'FEDERATED' is disabled.
2017-11-03 11:05:43 10652 [Note] InnoDB: Using atomics to ref count buffer pool pages
2017-11-03 11:05:43 10652 [Note] InnoDB: The InnoDB memory heap is disabled
2017-11-03 11:05:43 10652 [Note] InnoDB: Mutexes and rw_locks use Windows interlocked functions
2017-11-03 11:05:43 10652 [Note] InnoDB: Memory barrier is not used
2017-11-03 11:05:43 10652 [Note] InnoDB: Compressed tables use zlib 1.2.3
2017-11-03 11:05:43 10652 [Note] InnoDB: Not using CPU crc32 instructions
2017-11-03 11:05:43 10652 [Note] InnoDB: Initializing buffer pool, size = 32.0M
2017-11-03 11:05:43 10652 [Note] InnoDB: Completed initialization of buffer pool
2017-11-03 11:05:43 10652 [Note] InnoDB: Highest supported file format is Barracuda.
2017-11-03 11:05:43 10652 [Note] InnoDB: The log sequence numbers 1771192 and 1771192 in ibdata files do not match the log sequence number 1771222 in the ib_logfiles!
2017-11-03 11:05:43 10652 [Note] InnoDB: Database was not shutdown normally!
2017-11-03 11:05:43 10652 [Note] InnoDB: Starting crash recovery.
2017-11-03 11:05:43 10652 [Note] InnoDB: Reading tablespace information from the .ibd files...
2017-11-03 11:05:43 10652 [Note] InnoDB: Restoring possible half-written data pages 
2017-11-03 11:05:43 10652 [Note] InnoDB: from the doublewrite buffer...
2017-11-03 11:05:43 10652 [Note] InnoDB: 128 rollback segment(s) are active.
2017-11-03 11:05:43 10652 [Note] InnoDB: Waiting for purge to start
2017-11-03 11:05:43 10652 [Note] InnoDB: 5.6.35 started; log sequence number 1771222
2017-11-03 11:05:43 10652 [Note] Server hostname (bind-address): '127.0.0.1'; port: 3306
2017-11-03 11:05:43 10652 [Note]   - '127.0.0.1' resolves to '127.0.0.1';
2017-11-03 11:05:43 10652 [Note] Server socket created on IP: '127.0.0.1'.
2017-11-03 11:05:43 10652 [Note] Event Scheduler: Loaded 0 events
2017-11-03 11:05:43 10652 [Note] D:\KTH\Kurser\År2\P2\ApplikationerFörInternet\Server\UniServerZ\core\mysql\bin\mysqld_z.exe: ready for connections.
Version: '5.6.35'  socket: ''  port: 3306  MySQL Community Server (GPL)
2017-11-04 12:05:34 11852 [Note] Plugin 'FEDERATED' is disabled.
2017-11-04 12:05:34 11852 [Note] InnoDB: Using atomics to ref count buffer pool pages
2017-11-04 12:05:34 11852 [Note] InnoDB: The InnoDB memory heap is disabled
2017-11-04 12:05:34 11852 [Note] InnoDB: Mutexes and rw_locks use Windows interlocked functions
2017-11-04 12:05:34 11852 [Note] InnoDB: Memory barrier is not used
2017-11-04 12:05:34 11852 [Note] InnoDB: Compressed tables use zlib 1.2.3
2017-11-04 12:05:34 11852 [Note] InnoDB: Not using CPU crc32 instructions
2017-11-04 12:05:34 11852 [Note] InnoDB: Initializing buffer pool, size = 32.0M
2017-11-04 12:05:34 11852 [Note] InnoDB: Completed initialization of buffer pool
2017-11-04 12:05:34 11852 [Note] InnoDB: Highest supported file format is Barracuda.
2017-11-04 12:05:34 11852 [Note] InnoDB: The log sequence numbers 1771192 and 1771192 in ibdata files do not match the log sequence number 1771232 in the ib_logfiles!
2017-11-04 12:05:34 11852 [Note] InnoDB: Database was not shutdown normally!
2017-11-04 12:05:34 11852 [Note] InnoDB: Starting crash recovery.
2017-11-04 12:05:34 11852 [Note] InnoDB: Reading tablespace information from the .ibd files...
2017-11-04 12:05:34 11852 [Note] InnoDB: Restoring possible half-written data pages 
2017-11-04 12:05:34 11852 [Note] InnoDB: from the doublewrite buffer...
2017-11-04 12:05:34 11852 [Note] InnoDB: 128 rollback segment(s) are active.
2017-11-04 12:05:34 11852 [Note] InnoDB: Waiting for purge to start
2017-11-04 12:05:34 11852 [Note] InnoDB: 5.6.35 started; log sequence number 1771232
2017-11-04 12:05:34 11852 [Note] Server hostname (bind-address): '127.0.0.1'; port: 3306
2017-11-04 12:05:34 11852 [Note]   - '127.0.0.1' resolves to '127.0.0.1';
2017-11-04 12:05:34 11852 [Note] Server socket created on IP: '127.0.0.1'.
2017-11-04 12:05:34 11852 [Note] Event Scheduler: Loaded 0 events
2017-11-04 12:05:34 11852 [Note] D:\KTH\Kurser\År2\P2\ApplikationerFörInternet\Server\UniServerZ\core\mysql\bin\mysqld_z.exe: ready for connections.
Version: '5.6.35'  socket: ''  port: 3306  MySQL Community Server (GPL)
2017-11-04 12:59:36 11852 [Note] D:\KTH\Kurser\År2\P2\ApplikationerFörInternet\Server\UniServerZ\core\mysql\bin\mysqld_z.exe: Normal shutdown

2017-11-04 12:59:36 11852 [Note] Giving 0 client threads a chance to die gracefully
2017-11-04 12:59:36 11852 [Note] Event Scheduler: Purging the queue. 0 events
2017-11-04 12:59:36 11852 [Note] Shutting down slave threads
2017-11-04 12:59:36 11852 [Note] Forcefully disconnecting 0 remaining clients
2017-11-04 12:59:36 11852 [Note] Binlog end
2017-11-04 12:59:36 11852 [Note] Shutting down plugin 'partition'
2017-11-04 12:59:36 11852 [Note] Shutting down plugin 'PERFORMANCE_SCHEMA'
2017-11-04 12:59:36 11852 [Note] Shutting down plugin 'INNODB_SYS_DATAFILES'
2017-11-04 12:59:36 11852 [Note] Shutting down plugin 'INNODB_SYS_TABLESPACES'
2017-11-04 12:59:36 11852 [Note] Shutting down plugin 'INNODB_SYS_FOREIGN_COLS'
2017-11-04 12:59:36 11852 [Note] Shutting down plugin 'INNODB_SYS_FOREIGN'
2017-11-04 12:59:36 11852 [Note] Shutting down plugin 'INNODB_SYS_FIELDS'
2017-11-04 12:59:36 11852 [Note] Shutting down plugin 'INNODB_SYS_COLUMNS'
2017-11-04 12:59:36 11852 [Note] Shutting down plugin 'INNODB_SYS_INDEXES'
2017-11-04 12:59:36 11852 [Note] Shutting down plugin 'INNODB_SYS_TABLESTATS'
2017-11-04 12:59:36 11852 [Note] Shutting down plugin 'INNODB_SYS_TABLES'
2017-11-04 12:59:36 11852 [Note] Shutting down plugin 'INNODB_FT_INDEX_TABLE'
2017-11-04 12:59:36 11852 [Note] Shutting down plugin 'INNODB_FT_INDEX_CACHE'
2017-11-04 12:59:36 11852 [Note] Shutting down plugin 'INNODB_FT_CONFIG'
2017-11-04 12:59:36 11852 [Note] Shutting down plugin 'INNODB_FT_BEING_DELETED'
2017-11-04 12:59:36 11852 [Note] Shutting down plugin 'INNODB_FT_DELETED'
2017-11-04 12:59:36 11852 [Note] Shutting down plugin 'INNODB_FT_DEFAULT_STOPWORD'
2017-11-04 12:59:36 11852 [Note] Shutting down plugin 'INNODB_METRICS'
2017-11-04 12:59:36 11852 [Note] Shutting down plugin 'INNODB_BUFFER_POOL_STATS'
2017-11-04 12:59:36 11852 [Note] Shutting down plugin 'INNODB_BUFFER_PAGE_LRU'
2017-11-04 12:59:36 11852 [Note] Shutting down plugin 'INNODB_BUFFER_PAGE'
2017-11-04 12:59:36 11852 [Note] Shutting down plugin 'INNODB_CMP_PER_INDEX_RESET'
2017-11-04 12:59:36 11852 [Note] Shutting down plugin 'INNODB_CMP_PER_INDEX'
2017-11-04 12:59:36 11852 [Note] Shutting down plugin 'INNODB_CMPMEM_RESET'
2017-11-04 12:59:36 11852 [Note] Shutting down plugin 'INNODB_CMPMEM'
2017-11-04 12:59:36 11852 [Note] Shutting down plugin 'INNODB_CMP_RESET'
2017-11-04 12:59:36 11852 [Note] Shutting down plugin 'INNODB_CMP'
2017-11-04 12:59:36 11852 [Note] Shutting down plugin 'INNODB_LOCK_WAITS'
2017-11-04 12:59:36 11852 [Note] Shutting down plugin 'INNODB_LOCKS'
2017-11-04 12:59:36 11852 [Note] Shutting down plugin 'INNODB_TRX'
2017-11-04 12:59:36 11852 [Note] Shutting down plugin 'InnoDB'
2017-11-04 12:59:36 11852 [Note] InnoDB: FTS optimize thread exiting.
2017-11-04 12:59:36 11852 [Note] InnoDB: Starting shutdown...
2017-11-04 12:59:37 11852 [Note] InnoDB: Shutdown completed; log sequence number 1771242
2017-11-04 12:59:37 11852 [Note] Shutting down plugin 'BLACKHOLE'
2017-11-04 12:59:37 11852 [Note] Shutting down plugin 'ARCHIVE'
2017-11-04 12:59:37 11852 [Note] Shutting down plugin 'MRG_MYISAM'
2017-11-04 12:59:37 11852 [Note] Shutting down plugin 'MyISAM'
2017-11-04 12:59:37 11852 [Note] Shutting down plugin 'MEMORY'
2017-11-04 12:59:37 11852 [Note] Shutting down plugin 'CSV'
2017-11-04 12:59:37 11852 [Note] Shutting down plugin 'sha256_password'
2017-11-04 12:59:37 11852 [Note] Shutting down plugin 'mysql_old_password'
2017-11-04 12:59:37 11852 [Note] Shutting down plugin 'mysql_native_password'
2017-11-04 12:59:37 11852 [Note] Shutting down plugin 'binlog'
2017-11-04 12:59:37 11852 [Note] D:\KTH\Kurser\År2\P2\ApplikationerFörInternet\Server\UniServerZ\core\mysql\bin\mysqld_z.exe: Shutdown complete

2017-11-04 22:03:09 7564 [Note] Plugin 'FEDERATED' is disabled.
2017-11-04 22:03:09 7564 [Note] InnoDB: Using atomics to ref count buffer pool pages
2017-11-04 22:03:09 7564 [Note] InnoDB: The InnoDB memory heap is disabled
2017-11-04 22:03:09 7564 [Note] InnoDB: Mutexes and rw_locks use Windows interlocked functions
2017-11-04 22:03:09 7564 [Note] InnoDB: Memory barrier is not used
2017-11-04 22:03:09 7564 [Note] InnoDB: Compressed tables use zlib 1.2.3
2017-11-04 22:03:09 7564 [Note] InnoDB: Not using CPU crc32 instructions
2017-11-04 22:03:09 7564 [Note] InnoDB: Initializing buffer pool, size = 32.0M
2017-11-04 22:03:09 7564 [Note] InnoDB: Completed initialization of buffer pool
2017-11-04 22:03:09 7564 [Note] InnoDB: Highest supported file format is Barracuda.
2017-11-04 22:03:09 7564 [Note] InnoDB: 128 rollback segment(s) are active.
2017-11-04 22:03:09 7564 [Note] InnoDB: Waiting for purge to start
2017-11-04 22:03:09 7564 [Note] InnoDB: 5.6.35 started; log sequence number 1771242
2017-11-04 22:03:09 7564 [Note] Server hostname (bind-address): '127.0.0.1'; port: 3306
2017-11-04 22:03:09 7564 [Note]   - '127.0.0.1' resolves to '127.0.0.1';
2017-11-04 22:03:09 7564 [Note] Server socket created on IP: '127.0.0.1'.
2017-11-04 22:03:09 7564 [Note] Event Scheduler: Loaded 0 events
2017-11-04 22:03:09 7564 [Note] D:\KTH\Kurser\År2\P2\ApplikationerFörInternet\Server\UniServerZ\core\mysql\bin\mysqld_z.exe: ready for connections.
Version: '5.6.35'  socket: ''  port: 3306  MySQL Community Server (GPL)
2017-11-05 14:08:52 13812 [Note] Plugin 'FEDERATED' is disabled.
2017-11-05 14:08:52 13812 [Note] InnoDB: Using atomics to ref count buffer pool pages
2017-11-05 14:08:52 13812 [Note] InnoDB: The InnoDB memory heap is disabled
2017-11-05 14:08:52 13812 [Note] InnoDB: Mutexes and rw_locks use Windows interlocked functions
2017-11-05 14:08:52 13812 [Note] InnoDB: Memory barrier is not used
2017-11-05 14:08:52 13812 [Note] InnoDB: Compressed tables use zlib 1.2.3
2017-11-05 14:08:52 13812 [Note] InnoDB: Not using CPU crc32 instructions
2017-11-05 14:08:52 13812 [Note] InnoDB: Initializing buffer pool, size = 32.0M
2017-11-05 14:08:52 13812 [Note] InnoDB: Completed initialization of buffer pool
2017-11-05 14:08:52 13812 [Note] InnoDB: Highest supported file format is Barracuda.
2017-11-05 14:08:52 13812 [Note] InnoDB: The log sequence numbers 1771242 and 1771242 in ibdata files do not match the log sequence number 1771252 in the ib_logfiles!
2017-11-05 14:08:52 13812 [Note] InnoDB: Database was not shutdown normally!
2017-11-05 14:08:52 13812 [Note] InnoDB: Starting crash recovery.
2017-11-05 14:08:52 13812 [Note] InnoDB: Reading tablespace information from the .ibd files...
2017-11-05 14:08:52 13812 [Note] InnoDB: Restoring possible half-written data pages 
2017-11-05 14:08:52 13812 [Note] InnoDB: from the doublewrite buffer...
2017-11-05 14:08:53 13812 [Note] InnoDB: 128 rollback segment(s) are active.
2017-11-05 14:08:53 13812 [Note] InnoDB: Waiting for purge to start
2017-11-05 14:08:53 13812 [Note] InnoDB: 5.6.35 started; log sequence number 1771252
2017-11-05 14:08:53 13812 [Note] Server hostname (bind-address): '127.0.0.1'; port: 3306
2017-11-05 14:08:53 13812 [Note]   - '127.0.0.1' resolves to '127.0.0.1';
2017-11-05 14:08:53 13812 [Note] Server socket created on IP: '127.0.0.1'.
2017-11-05 14:08:53 13812 [Note] Event Scheduler: Loaded 0 events
2017-11-05 14:08:53 13812 [Note] D:\KTH\Kurser\År2\P2\ApplikationerFörInternet\Server\UniServerZ\core\mysql\bin\mysqld_z.exe: ready for connections.
Version: '5.6.35'  socket: ''  port: 3306  MySQL Community Server (GPL)
2017-11-06 11:16:05 4204 [Note] Plugin 'FEDERATED' is disabled.
2017-11-06 11:16:05 4204 [Note] InnoDB: Using atomics to ref count buffer pool pages
2017-11-06 11:16:05 4204 [Note] InnoDB: The InnoDB memory heap is disabled
2017-11-06 11:16:05 4204 [Note] InnoDB: Mutexes and rw_locks use Windows interlocked functions
2017-11-06 11:16:05 4204 [Note] InnoDB: Memory barrier is not used
2017-11-06 11:16:05 4204 [Note] InnoDB: Compressed tables use zlib 1.2.3
2017-11-06 11:16:05 4204 [Note] InnoDB: Not using CPU crc32 instructions
2017-11-06 11:16:05 4204 [Note] InnoDB: Initializing buffer pool, size = 32.0M
2017-11-06 11:16:05 4204 [Note] InnoDB: Completed initialization of buffer pool
2017-11-06 11:16:05 4204 [Note] InnoDB: Highest supported file format is Barracuda.
2017-11-06 11:16:05 4204 [Note] InnoDB: The log sequence numbers 1771242 and 1771242 in ibdata files do not match the log sequence number 1771262 in the ib_logfiles!
2017-11-06 11:16:05 4204 [Note] InnoDB: Database was not shutdown normally!
2017-11-06 11:16:05 4204 [Note] InnoDB: Starting crash recovery.
2017-11-06 11:16:05 4204 [Note] InnoDB: Reading tablespace information from the .ibd files...
2017-11-06 11:16:05 4204 [Note] InnoDB: Restoring possible half-written data pages 
2017-11-06 11:16:05 4204 [Note] InnoDB: from the doublewrite buffer...
2017-11-06 11:16:05 4204 [Note] InnoDB: 128 rollback segment(s) are active.
2017-11-06 11:16:05 4204 [Note] InnoDB: Waiting for purge to start
2017-11-06 11:16:05 4204 [Note] InnoDB: 5.6.35 started; log sequence number 1771262
2017-11-06 11:16:05 4204 [Note] Server hostname (bind-address): '127.0.0.1'; port: 3306
2017-11-06 11:16:05 4204 [Note]   - '127.0.0.1' resolves to '127.0.0.1';
2017-11-06 11:16:05 4204 [Note] Server socket created on IP: '127.0.0.1'.
2017-11-06 11:16:05 4204 [Note] Event Scheduler: Loaded 0 events
2017-11-06 11:16:05 4204 [Note] D:\KTH\Kurser\År2\P2\ApplikationerFörInternet\Server\UniServerZ\core\mysql\bin\mysqld_z.exe: ready for connections.
Version: '5.6.35'  socket: ''  port: 3306  MySQL Community Server (GPL)
2017-11-06 15:28:30 4204 [Note] D:\KTH\Kurser\År2\P2\ApplikationerFörInternet\Server\UniServerZ\core\mysql\bin\mysqld_z.exe: Normal shutdown

2017-11-06 15:28:30 4204 [Note] Giving 0 client threads a chance to die gracefully
2017-11-06 15:28:30 4204 [Note] Event Scheduler: Purging the queue. 0 events
2017-11-06 15:28:30 4204 [Note] Shutting down slave threads
2017-11-06 15:28:30 4204 [Note] Forcefully disconnecting 0 remaining clients
2017-11-06 15:28:30 4204 [Note] Binlog end
2017-11-06 15:28:30 4204 [Note] Shutting down plugin 'partition'
2017-11-06 15:28:30 4204 [Note] Shutting down plugin 'PERFORMANCE_SCHEMA'
2017-11-06 15:28:30 4204 [Note] Shutting down plugin 'INNODB_SYS_DATAFILES'
2017-11-06 15:28:30 4204 [Note] Shutting down plugin 'INNODB_SYS_TABLESPACES'
2017-11-06 15:28:30 4204 [Note] Shutting down plugin 'INNODB_SYS_FOREIGN_COLS'
2017-11-06 15:28:30 4204 [Note] Shutting down plugin 'INNODB_SYS_FOREIGN'
2017-11-06 15:28:30 4204 [Note] Shutting down plugin 'INNODB_SYS_FIELDS'
2017-11-06 15:28:30 4204 [Note] Shutting down plugin 'INNODB_SYS_COLUMNS'
2017-11-06 15:28:30 4204 [Note] Shutting down plugin 'INNODB_SYS_INDEXES'
2017-11-06 15:28:30 4204 [Note] Shutting down plugin 'INNODB_SYS_TABLESTATS'
2017-11-06 15:28:30 4204 [Note] Shutting down plugin 'INNODB_SYS_TABLES'
2017-11-06 15:28:30 4204 [Note] Shutting down plugin 'INNODB_FT_INDEX_TABLE'
2017-11-06 15:28:30 4204 [Note] Shutting down plugin 'INNODB_FT_INDEX_CACHE'
2017-11-06 15:28:30 4204 [Note] Shutting down plugin 'INNODB_FT_CONFIG'
2017-11-06 15:28:30 4204 [Note] Shutting down plugin 'INNODB_FT_BEING_DELETED'
2017-11-06 15:28:30 4204 [Note] Shutting down plugin 'INNODB_FT_DELETED'
2017-11-06 15:28:30 4204 [Note] Shutting down plugin 'INNODB_FT_DEFAULT_STOPWORD'
2017-11-06 15:28:30 4204 [Note] Shutting down plugin 'INNODB_METRICS'
2017-11-06 15:28:30 4204 [Note] Shutting down plugin 'INNODB_BUFFER_POOL_STATS'
2017-11-06 15:28:30 4204 [Note] Shutting down plugin 'INNODB_BUFFER_PAGE_LRU'
2017-11-06 15:28:30 4204 [Note] Shutting down plugin 'INNODB_BUFFER_PAGE'
2017-11-06 15:28:30 4204 [Note] Shutting down plugin 'INNODB_CMP_PER_INDEX_RESET'
2017-11-06 15:28:30 4204 [Note] Shutting down plugin 'INNODB_CMP_PER_INDEX'
2017-11-06 15:28:30 4204 [Note] Shutting down plugin 'INNODB_CMPMEM_RESET'
2017-11-06 15:28:30 4204 [Note] Shutting down plugin 'INNODB_CMPMEM'
2017-11-06 15:28:30 4204 [Note] Shutting down plugin 'INNODB_CMP_RESET'
2017-11-06 15:28:30 4204 [Note] Shutting down plugin 'INNODB_CMP'
2017-11-06 15:28:30 4204 [Note] Shutting down plugin 'INNODB_LOCK_WAITS'
2017-11-06 15:28:30 4204 [Note] Shutting down plugin 'INNODB_LOCKS'
2017-11-06 15:28:30 4204 [Note] Shutting down plugin 'INNODB_TRX'
2017-11-06 15:28:30 4204 [Note] Shutting down plugin 'InnoDB'
2017-11-06 15:28:30 4204 [Note] InnoDB: FTS optimize thread exiting.
2017-11-06 15:28:30 4204 [Note] InnoDB: Starting shutdown...
2017-11-06 15:28:31 4204 [Note] InnoDB: Shutdown completed; log sequence number 1771272
2017-11-06 15:28:31 4204 [Note] Shutting down plugin 'BLACKHOLE'
2017-11-06 15:28:31 4204 [Note] Shutting down plugin 'ARCHIVE'
2017-11-06 15:28:31 4204 [Note] Shutting down plugin 'MRG_MYISAM'
2017-11-06 15:28:31 4204 [Note] Shutting down plugin 'MyISAM'
2017-11-06 15:28:31 4204 [Note] Shutting down plugin 'MEMORY'
2017-11-06 15:28:31 4204 [Note] Shutting down plugin 'CSV'
2017-11-06 15:28:31 4204 [Note] Shutting down plugin 'sha256_password'
2017-11-06 15:28:31 4204 [Note] Shutting down plugin 'mysql_old_password'
2017-11-06 15:28:31 4204 [Note] Shutting down plugin 'mysql_native_password'
2017-11-06 15:28:31 4204 [Note] Shutting down plugin 'binlog'
2017-11-06 15:28:31 4204 [Note] D:\KTH\Kurser\År2\P2\ApplikationerFörInternet\Server\UniServerZ\core\mysql\bin\mysqld_z.exe: Shutdown complete

2017-11-06 15:29:39 15144 [Note] Plugin 'FEDERATED' is disabled.
2017-11-06 15:29:39 15144 [Note] InnoDB: Using atomics to ref count buffer pool pages
2017-11-06 15:29:39 15144 [Note] InnoDB: The InnoDB memory heap is disabled
2017-11-06 15:29:39 15144 [Note] InnoDB: Mutexes and rw_locks use Windows interlocked functions
2017-11-06 15:29:39 15144 [Note] InnoDB: Memory barrier is not used
2017-11-06 15:29:39 15144 [Note] InnoDB: Compressed tables use zlib 1.2.3
2017-11-06 15:29:39 15144 [Note] InnoDB: Not using CPU crc32 instructions
2017-11-06 15:29:39 15144 [Note] InnoDB: Initializing buffer pool, size = 32.0M
2017-11-06 15:29:39 15144 [Note] InnoDB: Completed initialization of buffer pool
2017-11-06 15:29:39 15144 [Note] InnoDB: Highest supported file format is Barracuda.
2017-11-06 15:29:39 15144 [Note] InnoDB: 128 rollback segment(s) are active.
2017-11-06 15:29:39 15144 [Note] InnoDB: Waiting for purge to start
2017-11-06 15:29:39 15144 [Note] InnoDB: 5.6.35 started; log sequence number 1771272
2017-11-06 15:29:39 15144 [Note] Server hostname (bind-address): '127.0.0.1'; port: 3306
2017-11-06 15:29:39 15144 [Note]   - '127.0.0.1' resolves to '127.0.0.1';
2017-11-06 15:29:39 15144 [Note] Server socket created on IP: '127.0.0.1'.
2017-11-06 15:29:39 15144 [Note] Event Scheduler: Loaded 0 events
2017-11-06 15:29:39 15144 [Note] D:\KTH\Kurser\År2\P2\ApplikationerFörInternet\Server\UniServerZ\core\mysql\bin\mysqld_z.exe: ready for connections.
Version: '5.6.35'  socket: ''  port: 3306  MySQL Community Server (GPL)
2017-11-06 18:47:34 15144 [Note] D:\KTH\Kurser\År2\P2\ApplikationerFörInternet\Server\UniServerZ\core\mysql\bin\mysqld_z.exe: Normal shutdown

2017-11-06 18:47:34 15144 [Note] Giving 0 client threads a chance to die gracefully
2017-11-06 18:47:34 15144 [Note] Event Scheduler: Purging the queue. 0 events
2017-11-06 18:47:34 15144 [Note] Shutting down slave threads
2017-11-06 18:47:34 15144 [Note] Forcefully disconnecting 0 remaining clients
2017-11-06 18:47:34 15144 [Note] Binlog end
2017-11-06 18:47:34 15144 [Note] Shutting down plugin 'partition'
2017-11-06 18:47:34 15144 [Note] Shutting down plugin 'PERFORMANCE_SCHEMA'
2017-11-06 18:47:34 15144 [Note] Shutting down plugin 'INNODB_SYS_DATAFILES'
2017-11-06 18:47:34 15144 [Note] Shutting down plugin 'INNODB_SYS_TABLESPACES'
2017-11-06 18:47:34 15144 [Note] Shutting down plugin 'INNODB_SYS_FOREIGN_COLS'
2017-11-06 18:47:34 15144 [Note] Shutting down plugin 'INNODB_SYS_FOREIGN'
2017-11-06 18:47:34 15144 [Note] Shutting down plugin 'INNODB_SYS_FIELDS'
2017-11-06 18:47:34 15144 [Note] Shutting down plugin 'INNODB_SYS_COLUMNS'
2017-11-06 18:47:34 15144 [Note] Shutting down plugin 'INNODB_SYS_INDEXES'
2017-11-06 18:47:34 15144 [Note] Shutting down plugin 'INNODB_SYS_TABLESTATS'
2017-11-06 18:47:34 15144 [Note] Shutting down plugin 'INNODB_SYS_TABLES'
2017-11-06 18:47:34 15144 [Note] Shutting down plugin 'INNODB_FT_INDEX_TABLE'
2017-11-06 18:47:34 15144 [Note] Shutting down plugin 'INNODB_FT_INDEX_CACHE'
2017-11-06 18:47:34 15144 [Note] Shutting down plugin 'INNODB_FT_CONFIG'
2017-11-06 18:47:34 15144 [Note] Shutting down plugin 'INNODB_FT_BEING_DELETED'
2017-11-06 18:47:34 15144 [Note] Shutting down plugin 'INNODB_FT_DELETED'
2017-11-06 18:47:34 15144 [Note] Shutting down plugin 'INNODB_FT_DEFAULT_STOPWORD'
2017-11-06 18:47:34 15144 [Note] Shutting down plugin 'INNODB_METRICS'
2017-11-06 18:47:34 15144 [Note] Shutting down plugin 'INNODB_BUFFER_POOL_STATS'
2017-11-06 18:47:34 15144 [Note] Shutting down plugin 'INNODB_BUFFER_PAGE_LRU'
2017-11-06 18:47:34 15144 [Note] Shutting down plugin 'INNODB_BUFFER_PAGE'
2017-11-06 18:47:34 15144 [Note] Shutting down plugin 'INNODB_CMP_PER_INDEX_RESET'
2017-11-06 18:47:34 15144 [Note] Shutting down plugin 'INNODB_CMP_PER_INDEX'
2017-11-06 18:47:34 15144 [Note] Shutting down plugin 'INNODB_CMPMEM_RESET'
2017-11-06 18:47:34 15144 [Note] Shutting down plugin 'INNODB_CMPMEM'
2017-11-06 18:47:34 15144 [Note] Shutting down plugin 'INNODB_CMP_RESET'
2017-11-06 18:47:34 15144 [Note] Shutting down plugin 'INNODB_CMP'
2017-11-06 18:47:34 15144 [Note] Shutting down plugin 'INNODB_LOCK_WAITS'
2017-11-06 18:47:34 15144 [Note] Shutting down plugin 'INNODB_LOCKS'
2017-11-06 18:47:34 15144 [Note] Shutting down plugin 'INNODB_TRX'
2017-11-06 18:47:34 15144 [Note] Shutting down plugin 'InnoDB'
2017-11-06 18:47:34 15144 [Note] InnoDB: FTS optimize thread exiting.
2017-11-06 18:47:34 15144 [Note] InnoDB: Starting shutdown...
2017-11-06 18:47:35 15144 [Note] InnoDB: Shutdown completed; log sequence number 1771282
2017-11-06 18:47:35 15144 [Note] Shutting down plugin 'BLACKHOLE'
2017-11-06 18:47:35 15144 [Note] Shutting down plugin 'ARCHIVE'
2017-11-06 18:47:35 15144 [Note] Shutting down plugin 'MRG_MYISAM'
2017-11-06 18:47:35 15144 [Note] Shutting down plugin 'MyISAM'
2017-11-06 18:47:35 15144 [Note] Shutting down plugin 'MEMORY'
2017-11-06 18:47:35 15144 [Note] Shutting down plugin 'CSV'
2017-11-06 18:47:35 15144 [Note] Shutting down plugin 'sha256_password'
2017-11-06 18:47:35 15144 [Note] Shutting down plugin 'mysql_old_password'
2017-11-06 18:47:35 15144 [Note] Shutting down plugin 'mysql_native_password'
2017-11-06 18:47:35 15144 [Note] Shutting down plugin 'binlog'
2017-11-06 18:47:35 15144 [Note] D:\KTH\Kurser\År2\P2\ApplikationerFörInternet\Server\UniServerZ\core\mysql\bin\mysqld_z.exe: Shutdown complete

2017-11-06 18:47:37 8540 [Note] Plugin 'FEDERATED' is disabled.
2017-11-06 18:47:37 8540 [Note] InnoDB: Using atomics to ref count buffer pool pages
2017-11-06 18:47:37 8540 [Note] InnoDB: The InnoDB memory heap is disabled
2017-11-06 18:47:37 8540 [Note] InnoDB: Mutexes and rw_locks use Windows interlocked functions
2017-11-06 18:47:37 8540 [Note] InnoDB: Memory barrier is not used
2017-11-06 18:47:37 8540 [Note] InnoDB: Compressed tables use zlib 1.2.3
2017-11-06 18:47:37 8540 [Note] InnoDB: Not using CPU crc32 instructions
2017-11-06 18:47:37 8540 [Note] InnoDB: Initializing buffer pool, size = 32.0M
2017-11-06 18:47:37 8540 [Note] InnoDB: Completed initialization of buffer pool
2017-11-06 18:47:37 8540 [Note] InnoDB: Highest supported file format is Barracuda.
2017-11-06 18:47:37 8540 [Note] InnoDB: 128 rollback segment(s) are active.
2017-11-06 18:47:37 8540 [Note] InnoDB: Waiting for purge to start
2017-11-06 18:47:37 8540 [Note] InnoDB: 5.6.35 started; log sequence number 1771282
2017-11-06 18:47:37 8540 [Note] Server hostname (bind-address): '127.0.0.1'; port: 3306
2017-11-06 18:47:37 8540 [Note]   - '127.0.0.1' resolves to '127.0.0.1';
2017-11-06 18:47:37 8540 [Note] Server socket created on IP: '127.0.0.1'.
2017-11-06 18:47:37 8540 [Note] Event Scheduler: Loaded 0 events
2017-11-06 18:47:37 8540 [Note] D:\KTH\Kurser\År2\P2\ApplikationerFörInternet\Server\UniServerZ\core\mysql\bin\mysqld_z.exe: ready for connections.
Version: '5.6.35'  socket: ''  port: 3306  MySQL Community Server (GPL)
2017-11-06 20:27:51 8540 [Note] D:\KTH\Kurser\År2\P2\ApplikationerFörInternet\Server\UniServerZ\core\mysql\bin\mysqld_z.exe: Normal shutdown

2017-11-06 20:27:51 8540 [Note] Giving 0 client threads a chance to die gracefully
2017-11-06 20:27:51 8540 [Note] Event Scheduler: Purging the queue. 0 events
2017-11-06 20:27:51 8540 [Note] Shutting down slave threads
2017-11-06 20:27:51 8540 [Note] Forcefully disconnecting 0 remaining clients
2017-11-06 20:27:51 8540 [Note] Binlog end
2017-11-06 20:27:51 8540 [Note] Shutting down plugin 'partition'
2017-11-06 20:27:51 8540 [Note] Shutting down plugin 'PERFORMANCE_SCHEMA'
2017-11-06 20:27:51 8540 [Note] Shutting down plugin 'INNODB_SYS_DATAFILES'
2017-11-06 20:27:51 8540 [Note] Shutting down plugin 'INNODB_SYS_TABLESPACES'
2017-11-06 20:27:51 8540 [Note] Shutting down plugin 'INNODB_SYS_FOREIGN_COLS'
2017-11-06 20:27:51 8540 [Note] Shutting down plugin 'INNODB_SYS_FOREIGN'
2017-11-06 20:27:51 8540 [Note] Shutting down plugin 'INNODB_SYS_FIELDS'
2017-11-06 20:27:51 8540 [Note] Shutting down plugin 'INNODB_SYS_COLUMNS'
2017-11-06 20:27:51 8540 [Note] Shutting down plugin 'INNODB_SYS_INDEXES'
2017-11-06 20:27:51 8540 [Note] Shutting down plugin 'INNODB_SYS_TABLESTATS'
2017-11-06 20:27:51 8540 [Note] Shutting down plugin 'INNODB_SYS_TABLES'
2017-11-06 20:27:51 8540 [Note] Shutting down plugin 'INNODB_FT_INDEX_TABLE'
2017-11-06 20:27:51 8540 [Note] Shutting down plugin 'INNODB_FT_INDEX_CACHE'
2017-11-06 20:27:51 8540 [Note] Shutting down plugin 'INNODB_FT_CONFIG'
2017-11-06 20:27:51 8540 [Note] Shutting down plugin 'INNODB_FT_BEING_DELETED'
2017-11-06 20:27:51 8540 [Note] Shutting down plugin 'INNODB_FT_DELETED'
2017-11-06 20:27:51 8540 [Note] Shutting down plugin 'INNODB_FT_DEFAULT_STOPWORD'
2017-11-06 20:27:51 8540 [Note] Shutting down plugin 'INNODB_METRICS'
2017-11-06 20:27:51 8540 [Note] Shutting down plugin 'INNODB_BUFFER_POOL_STATS'
2017-11-06 20:27:51 8540 [Note] Shutting down plugin 'INNODB_BUFFER_PAGE_LRU'
2017-11-06 20:27:51 8540 [Note] Shutting down plugin 'INNODB_BUFFER_PAGE'
2017-11-06 20:27:51 8540 [Note] Shutting down plugin 'INNODB_CMP_PER_INDEX_RESET'
2017-11-06 20:27:51 8540 [Note] Shutting down plugin 'INNODB_CMP_PER_INDEX'
2017-11-06 20:27:51 8540 [Note] Shutting down plugin 'INNODB_CMPMEM_RESET'
2017-11-06 20:27:51 8540 [Note] Shutting down plugin 'INNODB_CMPMEM'
2017-11-06 20:27:51 8540 [Note] Shutting down plugin 'INNODB_CMP_RESET'
2017-11-06 20:27:51 8540 [Note] Shutting down plugin 'INNODB_CMP'
2017-11-06 20:27:51 8540 [Note] Shutting down plugin 'INNODB_LOCK_WAITS'
2017-11-06 20:27:51 8540 [Note] Shutting down plugin 'INNODB_LOCKS'
2017-11-06 20:27:51 8540 [Note] Shutting down plugin 'INNODB_TRX'
2017-11-06 20:27:51 8540 [Note] Shutting down plugin 'InnoDB'
2017-11-06 20:27:51 8540 [Note] InnoDB: FTS optimize thread exiting.
2017-11-06 20:27:51 8540 [Note] InnoDB: Starting shutdown...
2017-11-06 20:27:52 8540 [Note] InnoDB: Shutdown completed; log sequence number 1771292
2017-11-06 20:27:52 8540 [Note] Shutting down plugin 'BLACKHOLE'
2017-11-06 20:27:52 8540 [Note] Shutting down plugin 'ARCHIVE'
2017-11-06 20:27:52 8540 [Note] Shutting down plugin 'MRG_MYISAM'
2017-11-06 20:27:52 8540 [Note] Shutting down plugin 'MyISAM'
2017-11-06 20:27:52 8540 [Note] Shutting down plugin 'MEMORY'
2017-11-06 20:27:52 8540 [Note] Shutting down plugin 'CSV'
2017-11-06 20:27:52 8540 [Note] Shutting down plugin 'sha256_password'
2017-11-06 20:27:52 8540 [Note] Shutting down plugin 'mysql_old_password'
2017-11-06 20:27:52 8540 [Note] Shutting down plugin 'mysql_native_password'
2017-11-06 20:27:52 8540 [Note] Shutting down plugin 'binlog'
2017-11-06 20:27:52 8540 [Note] D:\KTH\Kurser\År2\P2\ApplikationerFörInternet\Server\UniServerZ\core\mysql\bin\mysqld_z.exe: Shutdown complete

2017-11-06 20:27:54 360 [Note] Plugin 'FEDERATED' is disabled.
2017-11-06 20:27:54 360 [Note] InnoDB: Using atomics to ref count buffer pool pages
2017-11-06 20:27:54 360 [Note] InnoDB: The InnoDB memory heap is disabled
2017-11-06 20:27:54 360 [Note] InnoDB: Mutexes and rw_locks use Windows interlocked functions
2017-11-06 20:27:54 360 [Note] InnoDB: Memory barrier is not used
2017-11-06 20:27:54 360 [Note] InnoDB: Compressed tables use zlib 1.2.3
2017-11-06 20:27:54 360 [Note] InnoDB: Not using CPU crc32 instructions
2017-11-06 20:27:54 360 [Note] InnoDB: Initializing buffer pool, size = 32.0M
2017-11-06 20:27:54 360 [Note] InnoDB: Completed initialization of buffer pool
2017-11-06 20:27:54 360 [Note] InnoDB: Highest supported file format is Barracuda.
2017-11-06 20:27:54 360 [Note] InnoDB: 128 rollback segment(s) are active.
2017-11-06 20:27:54 360 [Note] InnoDB: Waiting for purge to start
2017-11-06 20:27:54 360 [Note] InnoDB: 5.6.35 started; log sequence number 1771292
2017-11-06 20:27:54 360 [Note] Server hostname (bind-address): '127.0.0.1'; port: 3306
2017-11-06 20:27:54 360 [Note]   - '127.0.0.1' resolves to '127.0.0.1';
2017-11-06 20:27:54 360 [Note] Server socket created on IP: '127.0.0.1'.
2017-11-06 20:27:54 360 [Note] Event Scheduler: Loaded 0 events
2017-11-06 20:27:54 360 [Note] D:\KTH\Kurser\År2\P2\ApplikationerFörInternet\Server\UniServerZ\core\mysql\bin\mysqld_z.exe: ready for connections.
Version: '5.6.35'  socket: ''  port: 3306  MySQL Community Server (GPL)
2017-11-07 01:27:30 360 [Note] D:\KTH\Kurser\År2\P2\ApplikationerFörInternet\Server\UniServerZ\core\mysql\bin\mysqld_z.exe: Normal shutdown

2017-11-07 01:27:30 360 [Note] Giving 0 client threads a chance to die gracefully
2017-11-07 01:27:30 360 [Note] Event Scheduler: Purging the queue. 0 events
2017-11-07 01:27:30 360 [Note] Shutting down slave threads
2017-11-07 01:27:30 360 [Note] Forcefully disconnecting 0 remaining clients
2017-11-07 01:27:30 360 [Note] Binlog end
2017-11-07 01:27:30 360 [Note] Shutting down plugin 'partition'
2017-11-07 01:27:30 360 [Note] Shutting down plugin 'PERFORMANCE_SCHEMA'
2017-11-07 01:27:30 360 [Note] Shutting down plugin 'INNODB_SYS_DATAFILES'
2017-11-07 01:27:30 360 [Note] Shutting down plugin 'INNODB_SYS_TABLESPACES'
2017-11-07 01:27:30 360 [Note] Shutting down plugin 'INNODB_SYS_FOREIGN_COLS'
2017-11-07 01:27:30 360 [Note] Shutting down plugin 'INNODB_SYS_FOREIGN'
2017-11-07 01:27:30 360 [Note] Shutting down plugin 'INNODB_SYS_FIELDS'
2017-11-07 01:27:30 360 [Note] Shutting down plugin 'INNODB_SYS_COLUMNS'
2017-11-07 01:27:30 360 [Note] Shutting down plugin 'INNODB_SYS_INDEXES'
2017-11-07 01:27:30 360 [Note] Shutting down plugin 'INNODB_SYS_TABLESTATS'
2017-11-07 01:27:30 360 [Note] Shutting down plugin 'INNODB_SYS_TABLES'
2017-11-07 01:27:30 360 [Note] Shutting down plugin 'INNODB_FT_INDEX_TABLE'
2017-11-07 01:27:30 360 [Note] Shutting down plugin 'INNODB_FT_INDEX_CACHE'
2017-11-07 01:27:30 360 [Note] Shutting down plugin 'INNODB_FT_CONFIG'
2017-11-07 01:27:30 360 [Note] Shutting down plugin 'INNODB_FT_BEING_DELETED'
2017-11-07 01:27:30 360 [Note] Shutting down plugin 'INNODB_FT_DELETED'
2017-11-07 01:27:30 360 [Note] Shutting down plugin 'INNODB_FT_DEFAULT_STOPWORD'
2017-11-07 01:27:30 360 [Note] Shutting down plugin 'INNODB_METRICS'
2017-11-07 01:27:30 360 [Note] Shutting down plugin 'INNODB_BUFFER_POOL_STATS'
2017-11-07 01:27:30 360 [Note] Shutting down plugin 'INNODB_BUFFER_PAGE_LRU'
2017-11-07 01:27:30 360 [Note] Shutting down plugin 'INNODB_BUFFER_PAGE'
2017-11-07 01:27:30 360 [Note] Shutting down plugin 'INNODB_CMP_PER_INDEX_RESET'
2017-11-07 01:27:30 360 [Note] Shutting down plugin 'INNODB_CMP_PER_INDEX'
2017-11-07 01:27:30 360 [Note] Shutting down plugin 'INNODB_CMPMEM_RESET'
2017-11-07 01:27:30 360 [Note] Shutting down plugin 'INNODB_CMPMEM'
2017-11-07 01:27:30 360 [Note] Shutting down plugin 'INNODB_CMP_RESET'
2017-11-07 01:27:30 360 [Note] Shutting down plugin 'INNODB_CMP'
2017-11-07 01:27:30 360 [Note] Shutting down plugin 'INNODB_LOCK_WAITS'
2017-11-07 01:27:30 360 [Note] Shutting down plugin 'INNODB_LOCKS'
2017-11-07 01:27:30 360 [Note] Shutting down plugin 'INNODB_TRX'
2017-11-07 01:27:30 360 [Note] Shutting down plugin 'InnoDB'
2017-11-07 01:27:30 360 [Note] InnoDB: FTS optimize thread exiting.
2017-11-07 01:27:30 360 [Note] InnoDB: Starting shutdown...
2017-11-07 01:27:31 360 [Note] InnoDB: Shutdown completed; log sequence number 1771302
2017-11-07 01:27:31 360 [Note] Shutting down plugin 'BLACKHOLE'
2017-11-07 01:27:31 360 [Note] Shutting down plugin 'ARCHIVE'
2017-11-07 01:27:31 360 [Note] Shutting down plugin 'MRG_MYISAM'
2017-11-07 01:27:31 360 [Note] Shutting down plugin 'MyISAM'
2017-11-07 01:27:31 360 [Note] Shutting down plugin 'MEMORY'
2017-11-07 01:27:31 360 [Note] Shutting down plugin 'CSV'
2017-11-07 01:27:31 360 [Note] Shutting down plugin 'sha256_password'
2017-11-07 01:27:31 360 [Note] Shutting down plugin 'mysql_old_password'
2017-11-07 01:27:31 360 [Note] Shutting down plugin 'mysql_native_password'
2017-11-07 01:27:31 360 [Note] Shutting down plugin 'binlog'
2017-11-07 01:27:31 360 [Note] D:\KTH\Kurser\År2\P2\ApplikationerFörInternet\Server\UniServerZ\core\mysql\bin\mysqld_z.exe: Shutdown complete

2017-11-07 01:28:38 3436 [Note] Plugin 'FEDERATED' is disabled.
2017-11-07 01:28:38 3436 [Note] InnoDB: Using atomics to ref count buffer pool pages
2017-11-07 01:28:38 3436 [Note] InnoDB: The InnoDB memory heap is disabled
2017-11-07 01:28:38 3436 [Note] InnoDB: Mutexes and rw_locks use Windows interlocked functions
2017-11-07 01:28:38 3436 [Note] InnoDB: Memory barrier is not used
2017-11-07 01:28:38 3436 [Note] InnoDB: Compressed tables use zlib 1.2.3
2017-11-07 01:28:38 3436 [Note] InnoDB: Not using CPU crc32 instructions
2017-11-07 01:28:38 3436 [Note] InnoDB: Initializing buffer pool, size = 32.0M
2017-11-07 01:28:38 3436 [Note] InnoDB: Completed initialization of buffer pool
2017-11-07 01:28:38 3436 [Note] InnoDB: Highest supported file format is Barracuda.
2017-11-07 01:28:38 3436 [Note] InnoDB: 128 rollback segment(s) are active.
2017-11-07 01:28:38 3436 [Note] InnoDB: Waiting for purge to start
2017-11-07 01:28:38 3436 [Note] InnoDB: 5.6.35 started; log sequence number 1771302
2017-11-07 01:28:39 3436 [Note] Server hostname (bind-address): '127.0.0.1'; port: 3306
2017-11-07 01:28:39 3436 [Note]   - '127.0.0.1' resolves to '127.0.0.1';
2017-11-07 01:28:39 3436 [Note] Server socket created on IP: '127.0.0.1'.
2017-11-07 01:28:39 3436 [Note] Event Scheduler: Loaded 0 events
2017-11-07 01:28:39 3436 [Note] D:\KTH\Kurser\År2\P2\ApplikationerFörInternet\Server\UniServerZ\core\mysql\bin\mysqld_z.exe: ready for connections.
Version: '5.6.35'  socket: ''  port: 3306  MySQL Community Server (GPL)
